        -:    0:Source:dominion.c
        -:    0:Graph:dominion.gcno
        -:    0:Data:dominion.gcda
        -:    0:Runs:6
        -:    0:Programs:6
        -:    1:#include "dominion.h"
        -:    2:#include "dominion_helpers.h"
        -:    3:#include "rngs.h"
        -:    4:#include <stdio.h>
        -:    5:#include <math.h>
        -:    6:#include <stdlib.h>
        -:    7:
function compare called 180 returned 100% blocks executed 83%
      180:    8:int compare(const void* a, const void* b) {
      180:    9:    if (*(int*)a > *(int*)b)
branch  0 taken 0% (fallthrough)
branch  1 taken 100%
    #####:   10:        return 1;
      180:   11:    if (*(int*)a < *(int*)b)
branch  0 taken 27% (fallthrough)
branch  1 taken 73%
       48:   12:        return -1;
      132:   13:    return 0;
        -:   14:}
        -:   15:
function newGame called 0 returned 0% blocks executed 0%
    #####:   16:struct gameState* newGame() {
    #####:   17:    struct gameState* g = malloc(sizeof(struct gameState));
    #####:   18:    return g;
        -:   19:}
        -:   20:
function kingdomCards called 0 returned 0% blocks executed 0%
    #####:   21:int* kingdomCards(int k1, int k2, int k3, int k4, int k5, int k6, int k7,
        -:   22:                  int k8, int k9, int k10) {
    #####:   23:    int* k = malloc(10 * sizeof(int));
    #####:   24:    k[0] = k1;
    #####:   25:    k[1] = k2;
    #####:   26:    k[2] = k3;
    #####:   27:    k[3] = k4;
    #####:   28:    k[4] = k5;
    #####:   29:    k[5] = k6;
    #####:   30:    k[6] = k7;
    #####:   31:    k[7] = k8;
    #####:   32:    k[8] = k9;
    #####:   33:    k[9] = k10;
    #####:   34:    return k;
        -:   35:}
        -:   36:
function initializeGame called 6 returned 100% blocks executed 88%
        6:   37:int initializeGame(int numPlayers, int kingdomCards[10], int randomSeed,
        -:   38:                   struct gameState *state) {
        -:   39:    int i;
        -:   40:    int j;
        -:   41:    int it;
        -:   42:
        -:   43:    //set up random number generator
        6:   44:    SelectStream(1);
call    0 returned 100%
        6:   45:    PutSeed((long)randomSeed);
call    0 returned 100%
        -:   46:
        -:   47:    //check number of players
        6:   48:    if (numPlayers > MAX_PLAYERS || numPlayers < 2)
branch  0 taken 100% (fallthrough)
branch  1 taken 0%
branch  2 taken 0% (fallthrough)
branch  3 taken 100%
        -:   49:    {
    #####:   50:        return -1;
        -:   51:    }
        -:   52:
        -:   53:    //set number of players
        6:   54:    state->numPlayers = numPlayers;
        -:   55:
        -:   56:    //check selected kingdom cards are different
       66:   57:    for (i = 0; i < 10; i++)
branch  0 taken 91%
branch  1 taken 9% (fallthrough)
        -:   58:    {
      660:   59:        for (j = 0; j < 10; j++)
branch  0 taken 91%
branch  1 taken 9% (fallthrough)
        -:   60:        {
      600:   61:            if (j != i && kingdomCards[j] == kingdomCards[i])
branch  0 taken 90% (fallthrough)
branch  1 taken 10%
branch  2 taken 0% (fallthrough)
branch  3 taken 100%
        -:   62:            {
    #####:   63:                return -1;
        -:   64:            }
        -:   65:        }
        -:   66:    }
        -:   67:
        -:   68:
        -:   69:    //initialize supply
        -:   70:    ///////////////////////////////
        -:   71:
        -:   72:    //set number of Curse cards
        6:   73:    if (numPlayers == 2)
branch  0 taken 100% (fallthrough)
branch  1 taken 0%
        -:   74:    {
        6:   75:        state->supplyCount[curse] = 10;
        -:   76:    }
    #####:   77:    else if (numPlayers == 3)
branch  0 never executed
branch  1 never executed
        -:   78:    {
    #####:   79:        state->supplyCount[curse] = 20;
        -:   80:    }
        -:   81:    else
        -:   82:    {
    #####:   83:        state->supplyCount[curse] = 30;
        -:   84:    }
        -:   85:
        -:   86:    //set number of Victory cards
        6:   87:    if (numPlayers == 2)
branch  0 taken 100% (fallthrough)
branch  1 taken 0%
        -:   88:    {
        6:   89:        state->supplyCount[estate] = 8;
        6:   90:        state->supplyCount[duchy] = 8;
        6:   91:        state->supplyCount[province] = 8;
        -:   92:    }
        -:   93:    else
        -:   94:    {
    #####:   95:        state->supplyCount[estate] = 12;
    #####:   96:        state->supplyCount[duchy] = 12;
    #####:   97:        state->supplyCount[province] = 12;
        -:   98:    }
        -:   99:
        -:  100:    //set number of Treasure cards
        6:  101:    state->supplyCount[copper] = 60 - (7 * numPlayers);
        6:  102:    state->supplyCount[silver] = 40;
        6:  103:    state->supplyCount[gold] = 30;
        -:  104:
        -:  105:    //set number of Kingdom cards
      126:  106:    for (i = adventurer; i <= treasure_map; i++)       	//loop all cards
branch  0 taken 95%
branch  1 taken 5% (fallthrough)
        -:  107:    {
      999:  108:        for (j = 0; j < 10; j++)           		//loop chosen cards
branch  0 taken 94%
branch  1 taken 6% (fallthrough)
        -:  109:        {
      938:  110:            if (kingdomCards[j] == i)
branch  0 taken 6% (fallthrough)
branch  1 taken 94%
        -:  111:            {
        -:  112:                //check if card is a 'Victory' Kingdom card
       59:  113:                if (kingdomCards[j] == great_hall || kingdomCards[j] == gardens)
branch  0 taken 90% (fallthrough)
branch  1 taken 10%
branch  2 taken 11% (fallthrough)
branch  3 taken 89%
        -:  114:                {
       24:  115:                    if (numPlayers == 2) {
branch  0 taken 100% (fallthrough)
branch  1 taken 0%
       12:  116:                        state->supplyCount[i] = 8;
        -:  117:                    }
        -:  118:                    else {
    #####:  119:                        state->supplyCount[i] = 12;
        -:  120:                    }
        -:  121:                }
        -:  122:                else
        -:  123:                {
       47:  124:                    state->supplyCount[i] = 10;
        -:  125:                }
       59:  126:                break;
        -:  127:            }
        -:  128:            else    //card is not in the set choosen for the game
        -:  129:            {
      879:  130:                state->supplyCount[i] = -1;
        -:  131:            }
        -:  132:        }
        -:  133:
        -:  134:    }
        -:  135:
        -:  136:    ////////////////////////
        -:  137:    //supply intilization complete
        -:  138:
        -:  139:    //set player decks
       18:  140:    for (i = 0; i < numPlayers; i++)
branch  0 taken 67%
branch  1 taken 33% (fallthrough)
        -:  141:    {
       12:  142:        state->deckCount[i] = 0;
       48:  143:        for (j = 0; j < 3; j++)
branch  0 taken 75%
branch  1 taken 25% (fallthrough)
        -:  144:        {
       36:  145:            state->deck[i][j] = estate;
       36:  146:            state->deckCount[i]++;
        -:  147:        }
       96:  148:        for (j = 3; j < 10; j++)
branch  0 taken 88%
branch  1 taken 13% (fallthrough)
        -:  149:        {
       84:  150:            state->deck[i][j] = copper;
       84:  151:            state->deckCount[i]++;
        -:  152:        }
        -:  153:    }
        -:  154:
        -:  155:    //shuffle player decks
       18:  156:    for (i = 0; i < numPlayers; i++)
branch  0 taken 67%
branch  1 taken 33% (fallthrough)
        -:  157:    {
       12:  158:        if ( shuffle(i, state) < 0 )
call    0 returned 100%
branch  1 taken 0% (fallthrough)
branch  2 taken 100%
        -:  159:        {
    #####:  160:            return -1;
        -:  161:        }
        -:  162:    }
        -:  163:
        -:  164:    //draw player hands
       18:  165:    for (i = 0; i < numPlayers; i++)
branch  0 taken 67%
branch  1 taken 33% (fallthrough)
        -:  166:    {
        -:  167:        //initialize hand size to zero
       12:  168:        state->handCount[i] = 0;
       12:  169:        state->discardCount[i] = 0;
        -:  170:        //draw 5 cards
        -:  171:        // for (j = 0; j < 5; j++)
        -:  172:        //	{
        -:  173:        //	  drawCard(i, state);
        -:  174:        //	}
        -:  175:    }
        -:  176:
        -:  177:    //set embargo tokens to 0 for all supply piles
      168:  178:    for (i = 0; i <= treasure_map; i++)
branch  0 taken 96%
branch  1 taken 4% (fallthrough)
        -:  179:    {
      162:  180:        state->embargoTokens[i] = 0;
        -:  181:    }
        -:  182:
        -:  183:    //initialize first player's turn
        6:  184:    state->outpostPlayed = 0;
        6:  185:    state->phase = 0;
        6:  186:    state->numActions = 1;
        6:  187:    state->numBuys = 1;
        6:  188:    state->playedCardCount = 0;
        6:  189:    state->whoseTurn = 0;
        6:  190:    state->handCount[state->whoseTurn] = 0;
        -:  191:    //int it; move to top
        -:  192:
        -:  193:    //Moved draw cards to here, only drawing at the start of a turn
       36:  194:    for (it = 0; it < 5; it++) {
branch  0 taken 83%
branch  1 taken 17% (fallthrough)
       30:  195:        drawCard(state->whoseTurn, state);
call    0 returned 100%
        -:  196:    }
        -:  197:
        6:  198:    updateCoins(state->whoseTurn, state, 0);
call    0 returned 100%
        -:  199:
        6:  200:    return 0;
        -:  201:}
        -:  202:
function shuffle called 1151 returned 100% blocks executed 100%
     1151:  203:int shuffle(int player, struct gameState *state) {
        -:  204:
        -:  205:
        -:  206:    int newDeck[MAX_DECK];
     1151:  207:    int newDeckPos = 0;
        -:  208:    int card;
        -:  209:    int i;
        -:  210:
     1151:  211:    if (state->deckCount[player] < 1)
branch  0 taken 99% (fallthrough)
branch  1 taken 1%
     1139:  212:        return -1;
       12:  213:    qsort ((void*)(state->deck[player]), state->deckCount[player], sizeof(int), compare);
call    0 returned 100%
        -:  214:    /* SORT CARDS IN DECK TO ENSURE DETERMINISM! */
        -:  215:
      144:  216:    while (state->deckCount[player] > 0) {
branch  0 taken 91%
branch  1 taken 9% (fallthrough)
      120:  217:        card = floor(Random() * state->deckCount[player]);
call    0 returned 100%
      120:  218:        newDeck[newDeckPos] = state->deck[player][card];
      120:  219:        newDeckPos++;
      456:  220:        for (i = card; i < state->deckCount[player]-1; i++) {
branch  0 taken 74%
branch  1 taken 26% (fallthrough)
      336:  221:            state->deck[player][i] = state->deck[player][i+1];
        -:  222:        }
      120:  223:        state->deckCount[player]--;
        -:  224:    }
      132:  225:    for (i = 0; i < newDeckPos; i++) {
branch  0 taken 91%
branch  1 taken 9% (fallthrough)
      120:  226:        state->deck[player][i] = newDeck[i];
      120:  227:        state->deckCount[player]++;
        -:  228:    }
        -:  229:
       12:  230:    return 0;
        -:  231:}
        -:  232:
function playCard called 0 returned 0% blocks executed 0%
    #####:  233:int playCard(int handPos, int choice1, int choice2, int choice3, struct gameState *state)
        -:  234:{
        -:  235:    int card;
    #####:  236:    int coin_bonus = 0; 		//tracks coins gain from actions
        -:  237:
        -:  238:    //check if it is the right phase
    #####:  239:    if (state->phase != 0)
branch  0 never executed
branch  1 never executed
        -:  240:    {
    #####:  241:        return -1;
        -:  242:    }
        -:  243:
        -:  244:    //check if player has enough actions
    #####:  245:    if ( state->numActions < 1 )
branch  0 never executed
branch  1 never executed
        -:  246:    {
    #####:  247:        return -1;
        -:  248:    }
        -:  249:
        -:  250:    //get card played
    #####:  251:    card = handCard(handPos, state);
call    0 never executed
        -:  252:
        -:  253:    //check if selected card is an action
    #####:  254:    if ( card < adventurer || card > treasure_map )
branch  0 never executed
branch  1 never executed
branch  2 never executed
branch  3 never executed
        -:  255:    {
    #####:  256:        return -1;
        -:  257:    }
        -:  258:
        -:  259:    //play card
    #####:  260:    if ( cardEffect(card, choice1, choice2, choice3, state, handPos, &coin_bonus) < 0 )
call    0 never executed
branch  1 never executed
branch  2 never executed
        -:  261:    {
    #####:  262:        return -1;
        -:  263:    }
        -:  264:
        -:  265:    //reduce number of actions
    #####:  266:    state->numActions--;
        -:  267:
        -:  268:    //update coins (Treasure cards may be added with card draws)
    #####:  269:    updateCoins(state->whoseTurn, state, coin_bonus);
call    0 never executed
        -:  270:
    #####:  271:    return 0;
        -:  272:}
        -:  273:
function buyCard called 0 returned 0% blocks executed 0%
    #####:  274:int buyCard(int supplyPos, struct gameState *state) {
        -:  275:    int who;
        -:  276:    if (DEBUG) {
        -:  277:        printf("Entering buyCard...\n");
        -:  278:    }
        -:  279:
        -:  280:    // I don't know what to do about the phase thing.
        -:  281:
    #####:  282:    who = state->whoseTurn;
        -:  283:
    #####:  284:    if (state->numBuys < 1) {
branch  0 never executed
branch  1 never executed
        -:  285:        if (DEBUG)
        -:  286:            printf("You do not have any buys left\n");
    #####:  287:        return -1;
    #####:  288:    } else if (supplyCount(supplyPos, state) <1) {
call    0 never executed
branch  1 never executed
branch  2 never executed
        -:  289:        if (DEBUG)
        -:  290:            printf("There are not any of that type of card left\n");
    #####:  291:        return -1;
    #####:  292:    } else if (state->coins < getCost(supplyPos)) {
call    0 never executed
branch  1 never executed
branch  2 never executed
        -:  293:        if (DEBUG)
        -:  294:            printf("You do not have enough money to buy that. You have %d coins.\n", state->coins);
    #####:  295:        return -1;
        -:  296:    } else {
    #####:  297:        state->phase=1;
        -:  298:        //state->supplyCount[supplyPos]--;
    #####:  299:        gainCard(supplyPos, state, 0, who); //card goes in discard, this might be wrong.. (2 means goes into hand, 0 goes into discard)
call    0 never executed
        -:  300:
    #####:  301:        state->coins = (state->coins) - (getCost(supplyPos));
call    0 never executed
    #####:  302:        state->numBuys--;
        -:  303:        if (DEBUG)
        -:  304:            printf("You bought card number %d for %d coins. You now have %d buys and %d coins.\n", supplyPos, getCost(supplyPos), state->numBuys, state->coins);
        -:  305:    }
        -:  306:
        -:  307:    //state->discard[who][state->discardCount[who]] = supplyPos;
        -:  308:    //state->discardCount[who]++;
        -:  309:
    #####:  310:    return 0;
        -:  311:}
        -:  312:
function numHandCards called 101 returned 100% blocks executed 100%
      101:  313:int numHandCards(struct gameState *state) {
      101:  314:    return state->handCount[ whoseTurn(state) ];
call    0 returned 100%
        -:  315:}
        -:  316:
function handCard called 0 returned 0% blocks executed 0%
    #####:  317:int handCard(int handPos, struct gameState *state) {
    #####:  318:    int currentPlayer = whoseTurn(state);
call    0 never executed
    #####:  319:    return state->hand[currentPlayer][handPos];
        -:  320:}
        -:  321:
function supplyCount called 130812 returned 100% blocks executed 100%
   130812:  322:int supplyCount(int card, struct gameState *state) {
   130812:  323:    return state->supplyCount[card];
        -:  324:}
        -:  325:
function fullDeckCount called 0 returned 0% blocks executed 0%
    #####:  326:int fullDeckCount(int player, int card, struct gameState *state) {
        -:  327:    int i;
    #####:  328:    int count = 0;
        -:  329:
    #####:  330:    for (i = 0; i < state->deckCount[player]; i++)
branch  0 never executed
branch  1 never executed
        -:  331:    {
    #####:  332:        if (state->deck[player][i] == card) count++;
branch  0 never executed
branch  1 never executed
        -:  333:    }
        -:  334:
    #####:  335:    for (i = 0; i < state->handCount[player]; i++)
branch  0 never executed
branch  1 never executed
        -:  336:    {
    #####:  337:        if (state->hand[player][i] == card) count++;
branch  0 never executed
branch  1 never executed
        -:  338:    }
        -:  339:
    #####:  340:    for (i = 0; i < state->discardCount[player]; i++)
branch  0 never executed
branch  1 never executed
        -:  341:    {
    #####:  342:        if (state->discard[player][i] == card) count++;
branch  0 never executed
branch  1 never executed
        -:  343:    }
        -:  344:
    #####:  345:    return count;
        -:  346:}
        -:  347:
function whoseTurn called 101 returned 100% blocks executed 100%
      101:  348:int whoseTurn(struct gameState *state) {
      101:  349:    return state->whoseTurn;
        -:  350:}
        -:  351:
function endTurn called 0 returned 0% blocks executed 0%
    #####:  352:int endTurn(struct gameState *state) {
        -:  353:    int k;
        -:  354:    int i;
    #####:  355:    int currentPlayer = whoseTurn(state);
call    0 never executed
        -:  356:
        -:  357:    //Discard hand
    #####:  358:    for (i = 0; i < state->handCount[currentPlayer]; i++) {
branch  0 never executed
branch  1 never executed
    #####:  359:        state->discard[currentPlayer][state->discardCount[currentPlayer]++] = state->hand[currentPlayer][i];//Discard
    #####:  360:        state->hand[currentPlayer][i] = -1;//Set card to -1
        -:  361:    }
    #####:  362:    state->handCount[currentPlayer] = 0;//Reset hand count
        -:  363:
        -:  364:    //Code for determining the player
    #####:  365:    if (currentPlayer < (state->numPlayers - 1)) {
branch  0 never executed
branch  1 never executed
    #####:  366:        state->whoseTurn = currentPlayer + 1;//Still safe to increment
        -:  367:    }
        -:  368:    else {
    #####:  369:        state->whoseTurn = 0;//Max player has been reached, loop back around to player 1
        -:  370:    }
        -:  371:
    #####:  372:    state->outpostPlayed = 0;
    #####:  373:    state->phase = 0;
    #####:  374:    state->numActions = 1;
    #####:  375:    state->coins = 0;
    #####:  376:    state->numBuys = 1;
    #####:  377:    state->playedCardCount = 0;
    #####:  378:    state->handCount[state->whoseTurn] = 0;
        -:  379:
        -:  380:    //int k; move to top
        -:  381:    //Next player draws hand
    #####:  382:    for (k = 0; k < 5; k++) {
branch  0 never executed
branch  1 never executed
    #####:  383:        drawCard(state->whoseTurn, state);//Draw a card
call    0 never executed
        -:  384:    }
        -:  385:
        -:  386:    //Update money
    #####:  387:    updateCoins(state->whoseTurn, state, 0);
call    0 never executed
        -:  388:
    #####:  389:    return 0;
        -:  390:}
        -:  391:
function isGameOver called 0 returned 0% blocks executed 0%
    #####:  392:int isGameOver(struct gameState *state) {
        -:  393:    int i;
        -:  394:    int j;
        -:  395:
        -:  396:    //if stack of Province cards is empty, the game ends
    #####:  397:    if (state->supplyCount[province] == 0)
branch  0 never executed
branch  1 never executed
        -:  398:    {
    #####:  399:        return 1;
        -:  400:    }
        -:  401:
        -:  402:    //if three supply pile are at 0, the game ends
    #####:  403:    j = 0;
    #####:  404:    for (i = 0; i < 25; i++)
branch  0 never executed
branch  1 never executed
        -:  405:    {
    #####:  406:        if (state->supplyCount[i] == 0)
branch  0 never executed
branch  1 never executed
        -:  407:        {
    #####:  408:            j++;
        -:  409:        }
        -:  410:    }
    #####:  411:    if ( j >= 3)
branch  0 never executed
branch  1 never executed
        -:  412:    {
    #####:  413:        return 1;
        -:  414:    }
        -:  415:
    #####:  416:    return 0;
        -:  417:}
        -:  418:
function scoreFor called 0 returned 0% blocks executed 0%
    #####:  419:int scoreFor (int player, struct gameState *state) {
        -:  420:
        -:  421:    int i;
    #####:  422:    int score = 0;
        -:  423:    //score from hand
    #####:  424:    for (i = 0; i < state->handCount[player]; i++)
branch  0 never executed
branch  1 never executed
        -:  425:    {
    #####:  426:        if (state->hand[player][i] == curse) {
branch  0 never executed
branch  1 never executed
    #####:  427:            score = score - 1;
        -:  428:        };
    #####:  429:        if (state->hand[player][i] == estate) {
branch  0 never executed
branch  1 never executed
    #####:  430:            score = score + 1;
        -:  431:        };
    #####:  432:        if (state->hand[player][i] == duchy) {
branch  0 never executed
branch  1 never executed
    #####:  433:            score = score + 3;
        -:  434:        };
    #####:  435:        if (state->hand[player][i] == province) {
branch  0 never executed
branch  1 never executed
    #####:  436:            score = score + 6;
        -:  437:        };
    #####:  438:        if (state->hand[player][i] == great_hall) {
branch  0 never executed
branch  1 never executed
    #####:  439:            score = score + 1;
        -:  440:        };
    #####:  441:        if (state->hand[player][i] == gardens) {
branch  0 never executed
branch  1 never executed
    #####:  442:            score = score + ( fullDeckCount(player, 0, state) / 10 );
call    0 never executed
        -:  443:        };
        -:  444:    }
        -:  445:
        -:  446:    //score from discard
    #####:  447:    for (i = 0; i < state->discardCount[player]; i++)
branch  0 never executed
branch  1 never executed
        -:  448:    {
    #####:  449:        if (state->discard[player][i] == curse) {
branch  0 never executed
branch  1 never executed
    #####:  450:            score = score - 1;
        -:  451:        };
    #####:  452:        if (state->discard[player][i] == estate) {
branch  0 never executed
branch  1 never executed
    #####:  453:            score = score + 1;
        -:  454:        };
    #####:  455:        if (state->discard[player][i] == duchy) {
branch  0 never executed
branch  1 never executed
    #####:  456:            score = score + 3;
        -:  457:        };
    #####:  458:        if (state->discard[player][i] == province) {
branch  0 never executed
branch  1 never executed
    #####:  459:            score = score + 6;
        -:  460:        };
    #####:  461:        if (state->discard[player][i] == great_hall) {
branch  0 never executed
branch  1 never executed
    #####:  462:            score = score + 1;
        -:  463:        };
    #####:  464:        if (state->discard[player][i] == gardens) {
branch  0 never executed
branch  1 never executed
    #####:  465:            score = score + ( fullDeckCount(player, 0, state) / 10 );
call    0 never executed
        -:  466:        };
        -:  467:    }
        -:  468:
        -:  469:    //score from deck
    #####:  470:    for (i = 0; i < state->discardCount[player]; i++)
branch  0 never executed
branch  1 never executed
        -:  471:    {
    #####:  472:        if (state->deck[player][i] == curse) {
branch  0 never executed
branch  1 never executed
    #####:  473:            score = score - 1;
        -:  474:        };
    #####:  475:        if (state->deck[player][i] == estate) {
branch  0 never executed
branch  1 never executed
    #####:  476:            score = score + 1;
        -:  477:        };
    #####:  478:        if (state->deck[player][i] == duchy) {
branch  0 never executed
branch  1 never executed
    #####:  479:            score = score + 3;
        -:  480:        };
    #####:  481:        if (state->deck[player][i] == province) {
branch  0 never executed
branch  1 never executed
    #####:  482:            score = score + 6;
        -:  483:        };
    #####:  484:        if (state->deck[player][i] == great_hall) {
branch  0 never executed
branch  1 never executed
    #####:  485:            score = score + 1;
        -:  486:        };
    #####:  487:        if (state->deck[player][i] == gardens) {
branch  0 never executed
branch  1 never executed
    #####:  488:            score = score + ( fullDeckCount(player, 0, state) / 10 );
call    0 never executed
        -:  489:        };
        -:  490:    }
        -:  491:
    #####:  492:    return score;
        -:  493:}
        -:  494:
function getWinners called 0 returned 0% blocks executed 0%
    #####:  495:int getWinners(int players[MAX_PLAYERS], struct gameState *state) {
        -:  496:    int i;
        -:  497:    int j;
        -:  498:    int highScore;
        -:  499:    int currentPlayer;
        -:  500:
        -:  501:    //get score for each player
    #####:  502:    for (i = 0; i < MAX_PLAYERS; i++)
branch  0 never executed
branch  1 never executed
        -:  503:    {
        -:  504:        //set unused player scores to -9999
    #####:  505:        if (i >= state->numPlayers)
branch  0 never executed
branch  1 never executed
        -:  506:        {
    #####:  507:            players[i] = -9999;
        -:  508:        }
        -:  509:        else
        -:  510:        {
    #####:  511:            players[i] = scoreFor (i, state);
call    0 never executed
        -:  512:        }
        -:  513:    }
        -:  514:
        -:  515:    //find highest score
    #####:  516:    j = 0;
    #####:  517:    for (i = 0; i < MAX_PLAYERS; i++)
branch  0 never executed
branch  1 never executed
        -:  518:    {
    #####:  519:        if (players[i] > players[j])
branch  0 never executed
branch  1 never executed
        -:  520:        {
    #####:  521:            j = i;
        -:  522:        }
        -:  523:    }
    #####:  524:    highScore = players[j];
        -:  525:
        -:  526:    //add 1 to players who had less turns
    #####:  527:    currentPlayer = whoseTurn(state);
call    0 never executed
    #####:  528:    for (i = 0; i < MAX_PLAYERS; i++)
branch  0 never executed
branch  1 never executed
        -:  529:    {
    #####:  530:        if ( players[i] == highScore && i > currentPlayer )
branch  0 never executed
branch  1 never executed
branch  2 never executed
branch  3 never executed
        -:  531:        {
    #####:  532:            players[i]++;
        -:  533:        }
        -:  534:    }
        -:  535:
        -:  536:    //find new highest score
    #####:  537:    j = 0;
    #####:  538:    for (i = 0; i < MAX_PLAYERS; i++)
branch  0 never executed
branch  1 never executed
        -:  539:    {
    #####:  540:        if ( players[i] > players[j] )
branch  0 never executed
branch  1 never executed
        -:  541:        {
    #####:  542:            j = i;
        -:  543:        }
        -:  544:    }
    #####:  545:    highScore = players[j];
        -:  546:
        -:  547:    //set winners in array to 1 and rest to 0
    #####:  548:    for (i = 0; i < MAX_PLAYERS; i++)
branch  0 never executed
branch  1 never executed
        -:  549:    {
    #####:  550:        if ( players[i] == highScore )
branch  0 never executed
branch  1 never executed
        -:  551:        {
    #####:  552:            players[i] = 1;
        -:  553:        }
        -:  554:        else
        -:  555:        {
    #####:  556:            players[i] = 0;
        -:  557:        }
        -:  558:    }
        -:  559:
    #####:  560:    return 0;
        -:  561:}
        -:  562:
function drawCard called 1236 returned 100% blocks executed 85%
     1236:  563:int drawCard(int player, struct gameState *state)
        -:  564:{   int count;
        -:  565:    int deckCounter;
     1236:  566:    if (state->deckCount[player] <= 0) { //Deck is empty
branch  0 taken 92% (fallthrough)
branch  1 taken 8%
        -:  567:
        -:  568:        //Step 1 Shuffle the discard pile back into a deck
        -:  569:        int i;
        -:  570:        //Move discard to deck
     1139:  571:        for (i = 0; i < state->discardCount[player]; i++) {
branch  0 taken 0%
branch  1 taken 100% (fallthrough)
    #####:  572:            state->deck[player][i] = state->discard[player][i];
    #####:  573:            state->discard[player][i] = -1;
        -:  574:        }
        -:  575:
     1139:  576:        state->deckCount[player] = state->discardCount[player];
     1139:  577:        state->discardCount[player] = 0;//Reset discard
        -:  578:
        -:  579:        //Shufffle the deck
     1139:  580:        shuffle(player, state);//Shuffle the deck up and make it so that we can draw
call    0 returned 100%
        -:  581:
        -:  582:        if (DEBUG) { //Debug statements
        -:  583:            printf("Deck count now: %d\n", state->deckCount[player]);
        -:  584:        }
        -:  585:
     1139:  586:        state->discardCount[player] = 0;
        -:  587:
        -:  588:        //Step 2 Draw Card
     1139:  589:        count = state->handCount[player];//Get current player's hand count
        -:  590:
        -:  591:        if (DEBUG) { //Debug statements
        -:  592:            printf("Current hand count: %d\n", count);
        -:  593:        }
        -:  594:
     1139:  595:        deckCounter = state->deckCount[player];//Create a holder for the deck count
        -:  596:
     1139:  597:        if (deckCounter == 0)
branch  0 taken 100% (fallthrough)
branch  1 taken 0%
     1139:  598:            return -1;
        -:  599:
    #####:  600:        state->hand[player][count] = state->deck[player][deckCounter - 1];//Add card to hand
    #####:  601:        state->deckCount[player]--;
    #####:  602:        state->handCount[player]++;//Increment hand count
        -:  603:    }
        -:  604:
        -:  605:    else {
       97:  606:        int count = state->handCount[player];//Get current hand count for player
        -:  607:        int deckCounter;
        -:  608:        if (DEBUG) { //Debug statements
        -:  609:            printf("Current hand count: %d\n", count);
        -:  610:        }
        -:  611:
       97:  612:        deckCounter = state->deckCount[player];//Create holder for the deck count
       97:  613:        state->hand[player][count] = state->deck[player][deckCounter - 1];//Add card to the hand
       97:  614:        state->deckCount[player]--;
       97:  615:        state->handCount[player]++;//Increment hand count
        -:  616:    }
        -:  617:
       97:  618:    return 0;
        -:  619:}
        -:  620:
function getCost called 0 returned 0% blocks executed 0%
    #####:  621:int getCost(int cardNumber)
        -:  622:{
    #####:  623:    switch( cardNumber )
branch  0 never executed
branch  1 never executed
branch  2 never executed
branch  3 never executed
branch  4 never executed
branch  5 never executed
branch  6 never executed
branch  7 never executed
branch  8 never executed
branch  9 never executed
branch 10 never executed
branch 11 never executed
branch 12 never executed
branch 13 never executed
branch 14 never executed
branch 15 never executed
branch 16 never executed
branch 17 never executed
branch 18 never executed
branch 19 never executed
branch 20 never executed
branch 21 never executed
branch 22 never executed
branch 23 never executed
branch 24 never executed
branch 25 never executed
branch 26 never executed
branch 27 never executed
        -:  624:    {
        -:  625:    case curse:
    #####:  626:        return 0;
        -:  627:    case estate:
    #####:  628:        return 2;
        -:  629:    case duchy:
    #####:  630:        return 5;
        -:  631:    case province:
    #####:  632:        return 8;
        -:  633:    case copper:
    #####:  634:        return 0;
        -:  635:    case silver:
    #####:  636:        return 3;
        -:  637:    case gold:
    #####:  638:        return 6;
        -:  639:    case adventurer:
    #####:  640:        return 6;
        -:  641:    case council_room:
    #####:  642:        return 5;
        -:  643:    case feast:
    #####:  644:        return 4;
        -:  645:    case gardens:
    #####:  646:        return 4;
        -:  647:    case mine:
    #####:  648:        return 5;
        -:  649:    case remodel:
    #####:  650:        return 4;
        -:  651:    case smithy:
    #####:  652:        return 4;
        -:  653:    case village:
    #####:  654:        return 3;
        -:  655:    case baron:
    #####:  656:        return 4;
        -:  657:    case great_hall:
    #####:  658:        return 3;
        -:  659:    case minion:
    #####:  660:        return 5;
        -:  661:    case steward:
    #####:  662:        return 3;
        -:  663:    case tribute:
    #####:  664:        return 5;
        -:  665:    case ambassador:
    #####:  666:        return 3;
        -:  667:    case cutpurse:
    #####:  668:        return 4;
        -:  669:    case embargo:
    #####:  670:        return 2;
        -:  671:    case outpost:
    #####:  672:        return 5;
        -:  673:    case salvager:
    #####:  674:        return 4;
        -:  675:    case sea_hag:
    #####:  676:        return 4;
        -:  677:    case treasure_map:
    #####:  678:        return 4;
        -:  679:    }
        -:  680:
    #####:  681:    return -1;
        -:  682:}
        -:  683:
function handleBaron called 70004 returned 100% blocks executed 42%
    70004:  684:int handleBaron(struct gameState *state, int choice1, int currentPlayer)
        -:  685:{
    70004:  686:    state->numBuys--;//Increase buys by 1!
    70004:  687:    if (choice1 > 0) { //Boolean true or going to discard an estate
branch  0 taken 57% (fallthrough)
branch  1 taken 43%
    40002:  688:        int p = 0;//Iterator for hand!
    40002:  689:        int card_not_discarded = 0;//Flag for discard set!
    80004:  690:        while(card_not_discarded) {
branch  0 taken 0%
branch  1 taken 100% (fallthrough)
    #####:  691:            if (state->hand[currentPlayer][p] == estate) { //Found an estate card!
branch  0 never executed
branch  1 never executed
    #####:  692:                state->coins += 4;//Add 4 coins to the amount of coins
    #####:  693:                state->discard[currentPlayer][state->discardCount[currentPlayer]] = state->hand[currentPlayer][p];
    #####:  694:                state->discardCount[currentPlayer]++;
    #####:  695:                for (; p < state->handCount[currentPlayer]; p++) {
branch  0 never executed
branch  1 never executed
    #####:  696:                    state->hand[currentPlayer][p] = state->hand[currentPlayer][p+1];
        -:  697:                }
    #####:  698:                state->hand[currentPlayer][state->handCount[currentPlayer]] = -1;
    #####:  699:                state->handCount[currentPlayer]--;
    #####:  700:                card_not_discarded = 0;//Exit the loop
        -:  701:            }
    #####:  702:            else if (p > state->handCount[currentPlayer]) {
branch  0 never executed
branch  1 never executed
        -:  703:                if(DEBUG) {
        -:  704:                    printf("No estate cards in your hand, invalid choice\n");
        -:  705:                    printf("Must gain an estate if there are any\n");
        -:  706:                }
    #####:  707:                if (supplyCount(estate, state) > 0) {
call    0 never executed
branch  1 never executed
branch  2 never executed
    #####:  708:                    gainCard(estate, state, 0, currentPlayer);
call    0 never executed
        -:  709:
    #####:  710:                    state->supplyCount[estate]--;//Decrement estates
    #####:  711:                    if (supplyCount(estate, state) == 0) {
call    0 never executed
branch  1 never executed
branch  2 never executed
    #####:  712:                        isGameOver(state);
call    0 never executed
        -:  713:                    }
        -:  714:                }
    #####:  715:                card_not_discarded = 0;//Exit the loop
        -:  716:            }
        -:  717:
        -:  718:            else {
    #####:  719:                p++;//Next card
        -:  720:            }
        -:  721:        }
        -:  722:    }
        -:  723:
        -:  724:    else {
    30002:  725:        if (supplyCount(estate, state) > 0) {
call    0 returned 100%
branch  1 taken 1% (fallthrough)
branch  2 taken 99%
        5:  726:            gainCard(estate, state, 0, currentPlayer);//Gain an estate
call    0 returned 100%
        -:  727:
        5:  728:            state->supplyCount[estate]--;//Decrement Estates
        5:  729:            if (supplyCount(estate, state) == 0) {
call    0 returned 100%
branch  1 taken 0% (fallthrough)
branch  2 taken 100%
    #####:  730:                isGameOver(state);
call    0 never executed
        -:  731:            }
        -:  732:        }
        -:  733:    }
        -:  734:
    70004:  735:    return 0;
        -:  736:
        -:  737:}
        -:  738:
function handleMinion called 202 returned 100% blocks executed 96%
      202:  739:int handleMinion(struct gameState *state, int choice1, int choice2, int currentPlayer, int handPos)
        -:  740:{
        -:  741:    int i;
        -:  742:    int j;
        -:  743:    
        -:  744:    //+1 action
      202:  745:    state->numActions++;
        -:  746:
        -:  747:    //discard card from hand
      202:  748:    discardCard(handPos, currentPlayer, state, 0);
call    0 returned 100%
        -:  749:
      202:  750:    if (choice1)
branch  0 taken 50% (fallthrough)
branch  1 taken 50%
        -:  751:    {
      101:  752:        state->coins = state->coins + 4;
        -:  753:    }
      101:  754:    else if (choice2)		//discard hand, redraw 4, other players with 5+ cards discard hand and draw 4
branch  0 taken 100% (fallthrough)
branch  1 taken 0%
        -:  755:    {
        -:  756:        //discard hand
      202:  757:        while(numHandCards(state) > 0)
call    0 returned 100%
branch  1 taken 0%
branch  2 taken 100% (fallthrough)
        -:  758:        {
    #####:  759:            discardCard(handPos, currentPlayer, state, 0);
call    0 never executed
        -:  760:        }
        -:  761:
        -:  762:        //draw 4
      303:  763:        for (i = 0; i < 2; i++)
branch  0 taken 67%
branch  1 taken 33% (fallthrough)
        -:  764:        {
      202:  765:            drawCard(currentPlayer, state);
call    0 returned 100%
        -:  766:        }
        -:  767:
        -:  768:        //other players discard hand and redraw if hand size > 4
      303:  769:        for (i = 0; i < state->numPlayers; i++)
branch  0 taken 67%
branch  1 taken 33% (fallthrough)
        -:  770:        {
      202:  771:            if (i != currentPlayer)
branch  0 taken 50% (fallthrough)
branch  1 taken 50%
        -:  772:            {
      101:  773:                if ( state->handCount[i] > 4 )
branch  0 taken 100% (fallthrough)
branch  1 taken 0%
        -:  774:                {
        -:  775:                    //discard hand
     1264:  776:                    while( state->handCount[i] > 0 )
branch  0 taken 91%
branch  1 taken 9% (fallthrough)
        -:  777:                    {
     1062:  778:                        discardCard(handPos, i, state, 0);
call    0 returned 100%
        -:  779:                    }
        -:  780:
        -:  781:                    //draw 4
      505:  782:                    for (j = 0; j < 4; j++)
branch  0 taken 80%
branch  1 taken 20% (fallthrough)
        -:  783:                    {
      404:  784:                        drawCard(i, state);
call    0 returned 100%
        -:  785:                    }
        -:  786:                }
        -:  787:            }
        -:  788:        }
        -:  789:
        -:  790:    }
      202:  791:    return 0;
        -:  792:}
        -:  793:
function handleAmbassador called 0 returned 0% blocks executed 0%
    #####:  794:int handleAmbassador(struct gameState *state, int choice1, int choice2, int currentPlayer, int handPos)
        -:  795:{
    #####:  796:    int j = 0;		//used to check if player has enough cards to discard
        -:  797:    int i;
        -:  798:
    #####:  799:    if (choice2 > 2 || choice2 < 0)
branch  0 never executed
branch  1 never executed
branch  2 never executed
branch  3 never executed
        -:  800:    {
    #####:  801:        return -1;
        -:  802:    }
        -:  803:
    #####:  804:    if (choice1 == handPos)
branch  0 never executed
branch  1 never executed
        -:  805:    {
    #####:  806:        return -1;
        -:  807:    }
        -:  808:
    #####:  809:    for (i = 0; i < state->handCount[currentPlayer]; i++)
branch  0 never executed
branch  1 never executed
        -:  810:    {
    #####:  811:        if (i != handPos && i == state->hand[currentPlayer][choice1] && i != choice1)
branch  0 never executed
branch  1 never executed
branch  2 never executed
branch  3 never executed
branch  4 never executed
branch  5 never executed
        -:  812:        {
    #####:  813:            j++;
        -:  814:        }
        -:  815:    }
    #####:  816:    if (j < choice2)
branch  0 never executed
branch  1 never executed
        -:  817:    {
    #####:  818:        return -1;
        -:  819:    }
        -:  820:
        -:  821:    if (DEBUG)
        -:  822:        printf("Player %d reveals card number: %d\n", currentPlayer, state->hand[currentPlayer][choice1]);
        -:  823:
        -:  824:    //increase supply count for choosen card by amount being discarded
    #####:  825:    state->supplyCount[state->hand[currentPlayer][choice1]] += choice2;
        -:  826:
        -:  827:    //each other player gains a copy of revealed card
    #####:  828:    for (i = 0; i < state->numPlayers; i++)
branch  0 never executed
branch  1 never executed
        -:  829:    {
    #####:  830:        if (i == currentPlayer)
branch  0 never executed
branch  1 never executed
        -:  831:        {
    #####:  832:            gainCard(state->hand[currentPlayer][choice1], state, 0, i);
call    0 never executed
        -:  833:        }
        -:  834:    }
        -:  835:
        -:  836:    //discard played card from hand
    #####:  837:    discardCard(handPos, currentPlayer, state, 0);
call    0 never executed
        -:  838:
        -:  839:    //trash copies of cards returned to supply
    #####:  840:    for (j = 0; j < choice1; j++)
branch  0 never executed
branch  1 never executed
        -:  841:    {
    #####:  842:        for (i = 0; i < state->handCount[currentPlayer]; i++)
branch  0 never executed
branch  1 never executed
        -:  843:        {
    #####:  844:            if (state->hand[currentPlayer][i] == state->hand[currentPlayer][choice1])
branch  0 never executed
branch  1 never executed
        -:  845:            {
    #####:  846:                discardCard(i, currentPlayer, state, 1);
call    0 never executed
    #####:  847:                break;
        -:  848:            }
        -:  849:        }
        -:  850:    }
        -:  851:
    #####:  852:    return 0;
        -:  853:
        -:  854:}
        -:  855:
function handleTribute called 305 returned 100% blocks executed 83%
      305:  856:int handleTribute(struct gameState *state, int nextPlayer, int currentPlayer, int* tributeRevealedCards)
        -:  857:{
        -:  858:    int i;
        -:  859:
      305:  860:    if ((state->discardCount[nextPlayer] + state->deckCount[nextPlayer]) <= 1) {
branch  0 taken 97% (fallthrough)
branch  1 taken 3%
      295:  861:        if (state->deckCount[nextPlayer] > 0) {
branch  0 taken 1% (fallthrough)
branch  1 taken 99%
        4:  862:            tributeRevealedCards[0] = state->deck[nextPlayer][state->deckCount[nextPlayer]-1];
        4:  863:            state->deckCount[nextPlayer]--;
        -:  864:        }
      291:  865:        else if (state->discardCount[nextPlayer] > 0) {
branch  0 taken 0% (fallthrough)
branch  1 taken 100%
    #####:  866:            tributeRevealedCards[0] = state->discard[nextPlayer][state->discardCount[nextPlayer]-1];
    #####:  867:            state->discardCount[nextPlayer]--;
        -:  868:        }
        -:  869:        else {
        -:  870:            //No Card to Reveal
        -:  871:            if (DEBUG) {
        -:  872:                printf("No cards to reveal\n");
        -:  873:            }
        -:  874:        }
        -:  875:    }
        -:  876:
        -:  877:    else {
       10:  878:        if (state->deckCount[nextPlayer] == 0) {
branch  0 taken 0% (fallthrough)
branch  1 taken 100%
    #####:  879:            for (i = 0; i < state->discardCount[nextPlayer]; i++) {
branch  0 never executed
branch  1 never executed
    #####:  880:                state->deck[nextPlayer][i] = state->discard[nextPlayer][i];//Move to deck
    #####:  881:                state->deckCount[nextPlayer]++;
    #####:  882:                state->discard[nextPlayer][i] = -1;
    #####:  883:                state->discardCount[nextPlayer]--;
        -:  884:            }
        -:  885:
    #####:  886:            shuffle(nextPlayer,state);//Shuffle the deck
call    0 never executed
        -:  887:        }
       10:  888:        tributeRevealedCards[0] = state->deck[nextPlayer][state->deckCount[nextPlayer]-1];
       10:  889:        state->deck[nextPlayer][state->deckCount[nextPlayer]--] = -1;
       10:  890:        state->deckCount[nextPlayer]--;
       10:  891:        tributeRevealedCards[1] = state->deck[nextPlayer][state->deckCount[nextPlayer]-1];
       10:  892:        state->deck[nextPlayer][state->deckCount[nextPlayer]--] = -1;
       10:  893:        state->deckCount[nextPlayer]--;
        -:  894:    }
        -:  895:
      305:  896:    if (tributeRevealedCards[0] == tributeRevealedCards[1]) { //If we have a duplicate card, just drop one
branch  0 taken 1% (fallthrough)
branch  1 taken 99%
        2:  897:        state->playedCards[state->playedCardCount] = tributeRevealedCards[1];
        2:  898:        state->playedCardCount++;
        2:  899:        tributeRevealedCards[1] = -1;
        -:  900:    }
        -:  901:
     1220:  902:    for (i = 0; i <= 2; i ++) {
branch  0 taken 75%
branch  1 taken 25% (fallthrough)
      915:  903:        if (tributeRevealedCards[i] == copper || tributeRevealedCards[i] == silver || tributeRevealedCards[i] == gold) { //Treasure cards
branch  0 taken 99% (fallthrough)
branch  1 taken 1%
branch  2 taken 100% (fallthrough)
branch  3 taken 0%
branch  4 taken 1% (fallthrough)
branch  5 taken 99%
       10:  904:            state->coins += 1;
        -:  905:        }
        -:  906:
      905:  907:        else if (tributeRevealedCards[i] == estate || tributeRevealedCards[i] == duchy || tributeRevealedCards[i] == province || tributeRevealedCards[i] == gardens || tributeRevealedCards[i] == great_hall) { //Victory Card Found
branch  0 taken 99% (fallthrough)
branch  1 taken 1%
branch  2 taken 99% (fallthrough)
branch  3 taken 1%
branch  4 taken 100% (fallthrough)
branch  5 taken 0%
branch  6 taken 67% (fallthrough)
branch  7 taken 33%
branch  8 taken 1% (fallthrough)
branch  9 taken 99%
      300:  908:            drawCard(nextPlayer, state);
call    0 returned 100%
      300:  909:            drawCard(nextPlayer, state);
call    0 returned 100%
        -:  910:        }
        -:  911:        else { //Action Card
      605:  912:            state->numActions = state->numActions + 2;
        -:  913:        }
        -:  914:    }
        -:  915:
      305:  916:    return 0;
        -:  917:
        -:  918:}
        -:  919:
function handleMine called 0 returned 0% blocks executed 0%
    #####:  920:int handleMine(struct gameState *state, int choice1, int choice2, int currentPlayer, int handPos)
        -:  921:{
        -:  922:    int i;
    #####:  923:    int j = state->hand[currentPlayer][choice1];  //store card we will trash
        -:  924:
    #####:  925:    if (state->hand[currentPlayer][choice1] < copper || state->hand[currentPlayer][choice1] > gold)
branch  0 never executed
branch  1 never executed
branch  2 never executed
branch  3 never executed
        -:  926:    {
    #####:  927:        return -1;
        -:  928:    }
        -:  929:
    #####:  930:    if (choice2 > treasure_map || choice2 < curse)
branch  0 never executed
branch  1 never executed
branch  2 never executed
branch  3 never executed
        -:  931:    {
    #####:  932:        return -1;
        -:  933:    }
        -:  934:
    #####:  935:    if ( (getCost(state->hand[currentPlayer][choice1]) + 3) > getCost(choice2) )
call    0 never executed
call    1 never executed
branch  2 never executed
branch  3 never executed
        -:  936:    {
    #####:  937:        return -1;
        -:  938:    }
        -:  939:
    #####:  940:    gainCard(choice2+3, state, 2, currentPlayer);
call    0 never executed
        -:  941:
        -:  942:    //discard card from hand
    #####:  943:    discardCard(handPos, currentPlayer, state, 0);
call    0 never executed
        -:  944:
        -:  945:    //discard trashed card
    #####:  946:    for (i = 0; i < state->handCount[currentPlayer]; i++)
branch  0 never executed
branch  1 never executed
        -:  947:    {
    #####:  948:        if (state->hand[currentPlayer][i] == j)
branch  0 never executed
branch  1 never executed
        -:  949:        {
    #####:  950:            discardCard(i, currentPlayer, state, 0);
call    0 never executed
        -:  951:            // break;
        -:  952:        }
        -:  953:    }
        -:  954:
    #####:  955:    return 0;
        -:  956:
        -:  957:}
        -:  958:
function cardEffect called 0 returned 0% blocks executed 0%
    #####:  959:int cardEffect(int card, int choice1, int choice2, int choice3, struct gameState *state, int handPos, int *bonus)
        -:  960:{
        -:  961:    int i;
        -:  962:    int j;
        -:  963:    int k;
        -:  964:    int x;
        -:  965:    int index;
    #####:  966:    int currentPlayer = whoseTurn(state);
call    0 never executed
    #####:  967:    int nextPlayer = currentPlayer + 1;
        -:  968:
    #####:  969:    int tributeRevealedCards[2] = {-1, -1};
        -:  970:    int temphand[MAX_HAND];// moved above the if statement
    #####:  971:    int drawntreasure=0;
        -:  972:    int cardDrawn;
    #####:  973:    int z = 0;// this is the counter for the temp hand
    #####:  974:    if (nextPlayer > (state->numPlayers - 1)) {
branch  0 never executed
branch  1 never executed
    #####:  975:        nextPlayer = 0;
        -:  976:    }
        -:  977:
        -:  978:
        -:  979:    //uses switch to select card and perform actions
    #####:  980:    switch( card )
branch  0 never executed
branch  1 never executed
branch  2 never executed
branch  3 never executed
branch  4 never executed
branch  5 never executed
branch  6 never executed
branch  7 never executed
branch  8 never executed
branch  9 never executed
branch 10 never executed
branch 11 never executed
branch 12 never executed
branch 13 never executed
branch 14 never executed
branch 15 never executed
branch 16 never executed
branch 17 never executed
branch 18 never executed
branch 19 never executed
branch 20 never executed
        -:  981:    {
        -:  982:    case adventurer:
    #####:  983:        while(drawntreasure<2) {
branch  0 never executed
branch  1 never executed
    #####:  984:            if (state->deckCount[currentPlayer] <1) { //if the deck is empty we need to shuffle discard and add to deck
branch  0 never executed
branch  1 never executed
    #####:  985:                shuffle(currentPlayer, state);
call    0 never executed
        -:  986:            }
    #####:  987:            drawCard(currentPlayer, state);
call    0 never executed
    #####:  988:            cardDrawn = state->hand[currentPlayer][state->handCount[currentPlayer]-1];//top card of hand is most recently drawn card.
    #####:  989:            if (cardDrawn == copper || cardDrawn == silver || cardDrawn == gold)
branch  0 never executed
branch  1 never executed
branch  2 never executed
branch  3 never executed
branch  4 never executed
branch  5 never executed
    #####:  990:                drawntreasure++;
        -:  991:            else {
    #####:  992:                temphand[z]=cardDrawn;
    #####:  993:                state->handCount[currentPlayer]--; //this should just remove the top card (the most recently drawn one).
    #####:  994:                z++;
        -:  995:            }
        -:  996:        }
    #####:  997:        while(z-1>=0) {
branch  0 never executed
branch  1 never executed
    #####:  998:            state->discard[currentPlayer][state->discardCount[currentPlayer]++]=temphand[z-1]; // discard all cards in play that have been drawn
    #####:  999:            z=z-1;
        -: 1000:        }
    #####: 1001:        return 0;
        -: 1002:
        -: 1003:    case council_room:
        -: 1004:        //+4 Cards
    #####: 1005:        for (i = 0; i < 4; i++)
branch  0 never executed
branch  1 never executed
        -: 1006:        {
    #####: 1007:            drawCard(currentPlayer, state);
call    0 never executed
        -: 1008:        }
        -: 1009:
        -: 1010:        //+1 Buy
    #####: 1011:        state->numBuys++;
        -: 1012:
        -: 1013:        //Each other player draws a card
    #####: 1014:        for (i = 0; i < state->numPlayers; i++)
branch  0 never executed
branch  1 never executed
        -: 1015:        {
    #####: 1016:            if ( i != currentPlayer )
branch  0 never executed
branch  1 never executed
        -: 1017:            {
    #####: 1018:                drawCard(i, state);
call    0 never executed
        -: 1019:            }
        -: 1020:        }
        -: 1021:
        -: 1022:        //put played card in played card pile
    #####: 1023:        discardCard(handPos, currentPlayer, state, 0);
call    0 never executed
        -: 1024:
    #####: 1025:        return 0;
        -: 1026:
        -: 1027:    case feast:
        -: 1028:        //gain card with cost up to 5
        -: 1029:        //Backup hand
    #####: 1030:        for (i = 0; i <= state->handCount[currentPlayer]; i++) {
branch  0 never executed
branch  1 never executed
    #####: 1031:            temphand[i] = state->hand[currentPlayer][i];//Backup card
    #####: 1032:            state->hand[currentPlayer][i] = -1;//Set to nothing
        -: 1033:        }
        -: 1034:        //Backup hand
        -: 1035:
        -: 1036:        //Update Coins for Buy
    #####: 1037:        updateCoins(currentPlayer, state, 5);
call    0 never executed
    #####: 1038:        x = 1;//Condition to loop on
    #####: 1039:        while( x == 1) {//Buy one card
branch  0 never executed
branch  1 never executed
    #####: 1040:            if (supplyCount(choice1, state) <= 0) {
call    0 never executed
branch  1 never executed
branch  2 never executed
        -: 1041:                if (DEBUG)
        -: 1042:                    printf("None of that card left, sorry!\n");
        -: 1043:
        -: 1044:                if (DEBUG) {
        -: 1045:                    printf("Cards Left: %d\n", supplyCount(choice1, state));
        -: 1046:                }
        -: 1047:            }
    #####: 1048:            else if (state->coins < getCost(choice1)) {
call    0 never executed
branch  1 never executed
branch  2 never executed
    #####: 1049:                printf("That card is too expensive!\n");
call    0 never executed
        -: 1050:
        -: 1051:                if (DEBUG) {
        -: 1052:                    printf("Coins: %d < %d\n", state->coins, getCost(choice1));
        -: 1053:                }
        -: 1054:            }
        -: 1055:            else {
        -: 1056:
        -: 1057:                if (DEBUG) {
        -: 1058:                    printf("Deck Count: %d\n", state->handCount[currentPlayer] + state->deckCount[currentPlayer] + state->discardCount[currentPlayer]);
        -: 1059:                }
        -: 1060:
    #####: 1061:                gainCard(choice1, state, 0, currentPlayer);//Gain the card
call    0 never executed
    #####: 1062:                x = 0;//No more buying cards
        -: 1063:
        -: 1064:                if (DEBUG) {
        -: 1065:                    printf("Deck Count: %d\n", state->handCount[currentPlayer] + state->deckCount[currentPlayer] + state->discardCount[currentPlayer]);
        -: 1066:                }
        -: 1067:
        -: 1068:            }
        -: 1069:        }
        -: 1070:
        -: 1071:        //Reset Hand
    #####: 1072:        for (i = 0; i <= state->handCount[currentPlayer]; i++) {
branch  0 never executed
branch  1 never executed
    #####: 1073:            state->hand[currentPlayer][i] = temphand[i];
    #####: 1074:            temphand[i] = -1;
        -: 1075:        }
        -: 1076:        //Reset Hand
        -: 1077:
    #####: 1078:        return 0;
        -: 1079:
        -: 1080:    case gardens:
    #####: 1081:        return -1;
        -: 1082:
        -: 1083:    case mine:
    #####: 1084:        handleMine(state, choice1, choice2, currentPlayer, handPos);
call    0 never executed
        -: 1085:
        -: 1086:    case remodel:
    #####: 1087:        j = state->hand[currentPlayer][choice1];  //store card we will trash
        -: 1088:
    #####: 1089:        if ( (getCost(state->hand[currentPlayer][choice1]) + 2) > getCost(choice2) )
call    0 never executed
call    1 never executed
branch  2 never executed
branch  3 never executed
        -: 1090:        {
    #####: 1091:            return -1;
        -: 1092:        }
        -: 1093:
    #####: 1094:        gainCard(choice2, state, 0, currentPlayer);
call    0 never executed
        -: 1095:
        -: 1096:        //discard card from hand
    #####: 1097:        discardCard(handPos, currentPlayer, state, 0);
call    0 never executed
        -: 1098:
        -: 1099:        //discard trashed card
    #####: 1100:        for (i = 0; i < state->handCount[currentPlayer]; i++)
branch  0 never executed
branch  1 never executed
        -: 1101:        {
    #####: 1102:            if (state->hand[currentPlayer][i] == j)
branch  0 never executed
branch  1 never executed
        -: 1103:            {
    #####: 1104:                discardCard(i, currentPlayer, state, 0);
call    0 never executed
    #####: 1105:                break;
        -: 1106:            }
        -: 1107:        }
        -: 1108:
        -: 1109:
    #####: 1110:        return 0;
        -: 1111:
        -: 1112:    case smithy:
        -: 1113:        //+3 Cards
    #####: 1114:        for (i = 0; i < 3; i++)
branch  0 never executed
branch  1 never executed
        -: 1115:        {
    #####: 1116:            drawCard(currentPlayer, state);
call    0 never executed
        -: 1117:        }
        -: 1118:
        -: 1119:        //discard card from hand
    #####: 1120:        discardCard(handPos, currentPlayer, state, 0);
call    0 never executed
    #####: 1121:        return 0;
        -: 1122:
        -: 1123:    case village:
        -: 1124:        //+1 Card
    #####: 1125:        drawCard(currentPlayer, state);
call    0 never executed
        -: 1126:
        -: 1127:        //+2 Actions
    #####: 1128:        state->numActions = state->numActions + 2;
        -: 1129:
        -: 1130:        //discard played card from hand
    #####: 1131:        discardCard(handPos, currentPlayer, state, 0);
call    0 never executed
    #####: 1132:        return 0;
        -: 1133:
        -: 1134:    case baron:
    #####: 1135:        handleBaron(state, choice1, currentPlayer);
call    0 never executed
        -: 1136:
        -: 1137:    case great_hall:
        -: 1138:        //+1 Card
    #####: 1139:        drawCard(currentPlayer, state);
call    0 never executed
        -: 1140:
        -: 1141:        //+1 Actions
    #####: 1142:        state->numActions++;
        -: 1143:
        -: 1144:        //discard card from hand
    #####: 1145:        discardCard(handPos, currentPlayer, state, 0);
call    0 never executed
    #####: 1146:        return 0;
        -: 1147:
        -: 1148:    case minion:
    #####: 1149:        handleMinion(state, choice1, choice2, currentPlayer, handPos);
call    0 never executed
        -: 1150:
        -: 1151:    case steward:
    #####: 1152:        if (choice1 == 1)
branch  0 never executed
branch  1 never executed
        -: 1153:        {
        -: 1154:            //+2 cards
    #####: 1155:            drawCard(currentPlayer, state);
call    0 never executed
    #####: 1156:            drawCard(currentPlayer, state);
call    0 never executed
        -: 1157:        }
    #####: 1158:        else if (choice1 == 2)
branch  0 never executed
branch  1 never executed
        -: 1159:        {
        -: 1160:            //+2 coins
    #####: 1161:            state->coins = state->coins + 2;
        -: 1162:        }
        -: 1163:        else
        -: 1164:        {
        -: 1165:            //trash 2 cards in hand
    #####: 1166:            discardCard(choice2, currentPlayer, state, 1);
call    0 never executed
    #####: 1167:            discardCard(choice3, currentPlayer, state, 1);
call    0 never executed
        -: 1168:        }
        -: 1169:
        -: 1170:        //discard card from hand
    #####: 1171:        discardCard(handPos, currentPlayer, state, 0);
call    0 never executed
    #####: 1172:        return 0;
        -: 1173:
        -: 1174:    case tribute:
    #####: 1175:        handleTribute(state, nextPlayer, currentPlayer, tributeRevealedCards);
call    0 never executed
        -: 1176:
        -: 1177:    case ambassador:
    #####: 1178:        handleAmbassador(state, choice1, choice2, currentPlayer, handPos);
call    0 never executed
        -: 1179:
        -: 1180:    case cutpurse:
        -: 1181:
    #####: 1182:        updateCoins(currentPlayer, state, 2);
call    0 never executed
    #####: 1183:        for (i = 0; i < state->numPlayers; i++)
branch  0 never executed
branch  1 never executed
        -: 1184:        {
    #####: 1185:            if (i != currentPlayer)
branch  0 never executed
branch  1 never executed
        -: 1186:            {
    #####: 1187:                for (j = 0; j < state->handCount[i]; j++)
branch  0 never executed
branch  1 never executed
        -: 1188:                {
    #####: 1189:                    if (state->hand[i][j] == copper)
branch  0 never executed
branch  1 never executed
        -: 1190:                    {
    #####: 1191:                        discardCard(j, i, state, 0);
call    0 never executed
    #####: 1192:                        break;
        -: 1193:                    }
    #####: 1194:                    if (j == state->handCount[i])
branch  0 never executed
branch  1 never executed
        -: 1195:                    {
    #####: 1196:                        for (k = 0; k < state->handCount[i]; k++)
branch  0 never executed
branch  1 never executed
        -: 1197:                        {
        -: 1198:                            if (DEBUG)
        -: 1199:                                printf("Player %d reveals card number %d\n", i, state->hand[i][k]);
        -: 1200:                        }
    #####: 1201:                        break;
        -: 1202:                    }
        -: 1203:                }
        -: 1204:
        -: 1205:            }
        -: 1206:
        -: 1207:        }
        -: 1208:
        -: 1209:        //discard played card from hand
    #####: 1210:        discardCard(handPos, currentPlayer, state, 0);
call    0 never executed
        -: 1211:
    #####: 1212:        return 0;
        -: 1213:
        -: 1214:
        -: 1215:    case embargo:
        -: 1216:        //+2 Coins
    #####: 1217:        state->coins = state->coins + 2;
        -: 1218:
        -: 1219:        //see if selected pile is in play
    #####: 1220:        if ( state->supplyCount[choice1] == -1 )
branch  0 never executed
branch  1 never executed
        -: 1221:        {
    #####: 1222:            return -1;
        -: 1223:        }
        -: 1224:
        -: 1225:        //add embargo token to selected supply pile
    #####: 1226:        state->embargoTokens[choice1]++;
        -: 1227:
        -: 1228:        //trash card
    #####: 1229:        discardCard(handPos, currentPlayer, state, 1);
call    0 never executed
    #####: 1230:        return 0;
        -: 1231:
        -: 1232:    case outpost:
        -: 1233:        //set outpost flag
    #####: 1234:        state->outpostPlayed++;
        -: 1235:
        -: 1236:        //discard card
    #####: 1237:        discardCard(handPos, currentPlayer, state, 0);
call    0 never executed
    #####: 1238:        return 0;
        -: 1239:
        -: 1240:    case salvager:
        -: 1241:        //+1 buy
    #####: 1242:        state->numBuys++;
        -: 1243:
    #####: 1244:        if (choice1)
branch  0 never executed
branch  1 never executed
        -: 1245:        {
        -: 1246:            //gain coins equal to trashed card
    #####: 1247:            state->coins = state->coins + getCost( handCard(choice1, state) );
call    0 never executed
call    1 never executed
        -: 1248:            //trash card
    #####: 1249:            discardCard(choice1, currentPlayer, state, 1);
call    0 never executed
        -: 1250:        }
        -: 1251:
        -: 1252:        //discard card
    #####: 1253:        discardCard(handPos, currentPlayer, state, 0);
call    0 never executed
    #####: 1254:        return 0;
        -: 1255:
        -: 1256:    case sea_hag:
    #####: 1257:        for (i = 0; i < state->numPlayers; i++) {
branch  0 never executed
branch  1 never executed
    #####: 1258:            if (i != currentPlayer) {
branch  0 never executed
branch  1 never executed
    #####: 1259:                state->discard[i][state->discardCount[i]] = state->deck[i][state->deckCount[i]--];
    #####: 1260:                state->deckCount[i]--;
    #####: 1261:                state->discardCount[i]++;
    #####: 1262:                state->deck[i][state->deckCount[i]--] = curse;//Top card now a curse
        -: 1263:            }
        -: 1264:        }
    #####: 1265:        return 0;
        -: 1266:
        -: 1267:    case treasure_map:
        -: 1268:        //search hand for another treasure_map
    #####: 1269:        index = -1;
    #####: 1270:        for (i = 0; i < state->handCount[currentPlayer]; i++)
branch  0 never executed
branch  1 never executed
        -: 1271:        {
    #####: 1272:            if (state->hand[currentPlayer][i] == treasure_map && i != handPos)
branch  0 never executed
branch  1 never executed
branch  2 never executed
branch  3 never executed
        -: 1273:            {
    #####: 1274:                index = i;
    #####: 1275:                break;
        -: 1276:            }
        -: 1277:        }
    #####: 1278:        if (index > -1)
branch  0 never executed
branch  1 never executed
        -: 1279:        {
        -: 1280:            //trash both treasure cards
    #####: 1281:            discardCard(handPos, currentPlayer, state, 1);
call    0 never executed
    #####: 1282:            discardCard(index, currentPlayer, state, 1);
call    0 never executed
        -: 1283:
        -: 1284:            //gain 4 Gold cards
    #####: 1285:            for (i = 0; i < 4; i++)
branch  0 never executed
branch  1 never executed
        -: 1286:            {
    #####: 1287:                gainCard(gold, state, 1, currentPlayer);
call    0 never executed
        -: 1288:            }
        -: 1289:
        -: 1290:            //return success
    #####: 1291:            return 1;
        -: 1292:        }
        -: 1293:
        -: 1294:        //no second treasure_map found in hand
    #####: 1295:        return -1;
        -: 1296:    }
        -: 1297:
    #####: 1298:    return -1;
        -: 1299:}
        -: 1300:
function discardCard called 1264 returned 100% blocks executed 100%
     1264: 1301:int discardCard(int handPos, int currentPlayer, struct gameState *state, int trashFlag)
        -: 1302:{
        -: 1303:
        -: 1304:    //if card is not trashed, added to Played pile
     1264: 1305:    if (trashFlag < 1)
branch  0 taken 100% (fallthrough)
branch  1 taken 0%
        -: 1306:    {
        -: 1307:        //add card to played pile
     1264: 1308:        state->playedCards[state->playedCardCount] = state->hand[currentPlayer][handPos];
     1264: 1309:        state->playedCardCount++;
        -: 1310:    }
        -: 1311:
        -: 1312:    //set played card to -1
     1264: 1313:    state->hand[currentPlayer][handPos] = -1;
        -: 1314:
        -: 1315:    //remove card from player's hand
     1264: 1316:    if ( handPos == (state->handCount[currentPlayer] - 1) ) 	//last card in hand array is played
branch  0 taken 8% (fallthrough)
branch  1 taken 92%
        -: 1317:    {
        -: 1318:        //reduce number of cards in hand
      101: 1319:        state->handCount[currentPlayer]--;
        -: 1320:    }
     1163: 1321:    else if ( state->handCount[currentPlayer] == 1 ) //only one card in hand
branch  0 taken 1% (fallthrough)
branch  1 taken 99%
        -: 1322:    {
        -: 1323:        //reduce number of cards in hand
        1: 1324:        state->handCount[currentPlayer]--;
        -: 1325:    }
        -: 1326:    else
        -: 1327:    {
        -: 1328:        //replace discarded card with last card in hand
     1162: 1329:        state->hand[currentPlayer][handPos] = state->hand[currentPlayer][ (state->handCount[currentPlayer] - 1)];
        -: 1330:        //set last card to -1
     1162: 1331:        state->hand[currentPlayer][state->handCount[currentPlayer] - 1] = -1;
        -: 1332:        //reduce number of cards in hand
     1162: 1333:        state->handCount[currentPlayer]--;
        -: 1334:    }
        -: 1335:
     1264: 1336:    return 0;
        -: 1337:}
        -: 1338:
function gainCard called 90805 returned 100% blocks executed 100%
    90805: 1339:int gainCard(int supplyPos, struct gameState *state, int toFlag, int player)
        -: 1340:{
        -: 1341:    //Note: supplyPos is enum of choosen card
        -: 1342:
        -: 1343:    //check if supply pile is empty (0) or card is not used in game (-1)
    90805: 1344:    if ( supplyCount(supplyPos, state) < 1 )
call    0 returned 100%
branch  1 taken 99% (fallthrough)
branch  2 taken 1%
        -: 1345:    {
    90521: 1346:        return -1;
        -: 1347:    }
        -: 1348:
        -: 1349:    //added card for [whoseTurn] current player:
        -: 1350:    // toFlag = 0 : add to discard
        -: 1351:    // toFlag = 1 : add to deck
        -: 1352:    // toFlag = 2 : add to hand
        -: 1353:
      284: 1354:    if (toFlag == 1)
branch  0 taken 45% (fallthrough)
branch  1 taken 55%
        -: 1355:    {
      127: 1356:        state->deck[ player ][ state->deckCount[player] ] = supplyPos;
      127: 1357:        state->deckCount[player]++;
        -: 1358:    }
      157: 1359:    else if (toFlag == 2)
branch  0 taken 97% (fallthrough)
branch  1 taken 3%
        -: 1360:    {
      152: 1361:        state->hand[ player ][ state->handCount[player] ] = supplyPos;
      152: 1362:        state->handCount[player]++;
        -: 1363:    }
        -: 1364:    else
        -: 1365:    {
        5: 1366:        state->discard[player][ state->discardCount[player] ] = supplyPos;
        5: 1367:        state->discardCount[player]++;
        -: 1368:    }
        -: 1369:
        -: 1370:    //decrease number in supply pile
      284: 1371:    state->supplyCount[supplyPos]--;
        -: 1372:
      284: 1373:    return 0;
        -: 1374:}
        -: 1375:
function updateCoins called 6 returned 100% blocks executed 82%
        6: 1376:int updateCoins(int player, struct gameState *state, int bonus)
        -: 1377:{
        -: 1378:    int i;
        -: 1379:
        -: 1380:    //reset coin count
        6: 1381:    state->coins = 0;
        -: 1382:
        -: 1383:    //add coins for each Treasure card in player's hand
       36: 1384:    for (i = 0; i < state->handCount[player]; i++)
branch  0 taken 83%
branch  1 taken 17% (fallthrough)
        -: 1385:    {
       30: 1386:        if (state->hand[player][i] == copper)
branch  0 taken 80% (fallthrough)
branch  1 taken 20%
        -: 1387:        {
       24: 1388:            state->coins += 1;
        -: 1389:        }
        6: 1390:        else if (state->hand[player][i] == silver)
branch  0 taken 0% (fallthrough)
branch  1 taken 100%
        -: 1391:        {
    #####: 1392:            state->coins += 2;
        -: 1393:        }
        6: 1394:        else if (state->hand[player][i] == gold)
branch  0 taken 0% (fallthrough)
branch  1 taken 100%
        -: 1395:        {
    #####: 1396:            state->coins += 3;
        -: 1397:        }
        -: 1398:    }
        -: 1399:
        -: 1400:    //add bonus
        6: 1401:    state->coins += bonus;
        -: 1402:
        6: 1403:    return 0;
        -: 1404:}
        -: 1405:
        -: 1406:
        -: 1407://end of dominion.c
        -: 1408:
