        -:    0:Source:dominion.c
        -:    0:Graph:dominion.gcno
        -:    0:Data:dominion.gcda
        -:    0:Runs:7
        -:    0:Programs:7
        -:    1:#include "dominion.h"
        -:    2:#include "dominion_helpers.h"
        -:    3:#include "rngs.h"
        -:    4:#include <stdio.h>
        -:    5:#include <math.h>
        -:    6:#include <stdlib.h>
        -:    7:
function compare called 210 returned 100% blocks executed 83%
      210:    8:int compare(const void* a, const void* b) {
      210:    9:    if (*(int*)a > *(int*)b)
branch  0 taken 0% (fallthrough)
branch  1 taken 100%
    #####:   10:        return 1;
      210:   11:    if (*(int*)a < *(int*)b)
branch  0 taken 27% (fallthrough)
branch  1 taken 73%
       56:   12:        return -1;
      154:   13:    return 0;
        -:   14:}
        -:   15:
function newGame called 0 returned 0% blocks executed 0%
    #####:   16:struct gameState* newGame() {
    #####:   17:    struct gameState* g = malloc(sizeof(struct gameState));
    #####:   18:    return g;
        -:   19:}
        -:   20:
function kingdomCards called 0 returned 0% blocks executed 0%
    #####:   21:int* kingdomCards(int k1, int k2, int k3, int k4, int k5, int k6, int k7,
        -:   22:                  int k8, int k9, int k10) {
    #####:   23:    int* k = malloc(10 * sizeof(int));
    #####:   24:    k[0] = k1;
    #####:   25:    k[1] = k2;
    #####:   26:    k[2] = k3;
    #####:   27:    k[3] = k4;
    #####:   28:    k[4] = k5;
    #####:   29:    k[5] = k6;
    #####:   30:    k[6] = k7;
    #####:   31:    k[7] = k8;
    #####:   32:    k[8] = k9;
    #####:   33:    k[9] = k10;
    #####:   34:    return k;
        -:   35:}
        -:   36:
function initializeGame called 7 returned 100% blocks executed 88%
        7:   37:int initializeGame(int numPlayers, int kingdomCards[10], int randomSeed,
        -:   38:                   struct gameState *state) {
        -:   39:    int i;
        -:   40:    int j;
        -:   41:    int it;
        -:   42:
        -:   43:    //set up random number generator
        7:   44:    SelectStream(1);
call    0 returned 100%
        7:   45:    PutSeed((long)randomSeed);
call    0 returned 100%
        -:   46:
        -:   47:    //check number of players
        7:   48:    if (numPlayers > MAX_PLAYERS || numPlayers < 2)
branch  0 taken 100% (fallthrough)
branch  1 taken 0%
branch  2 taken 0% (fallthrough)
branch  3 taken 100%
        -:   49:    {
    #####:   50:        return -1;
        -:   51:    }
        -:   52:
        -:   53:    //set number of players
        7:   54:    state->numPlayers = numPlayers;
        -:   55:
        -:   56:    //check selected kingdom cards are different
       77:   57:    for (i = 0; i < 10; i++)
branch  0 taken 91%
branch  1 taken 9% (fallthrough)
        -:   58:    {
      770:   59:        for (j = 0; j < 10; j++)
branch  0 taken 91%
branch  1 taken 9% (fallthrough)
        -:   60:        {
      700:   61:            if (j != i && kingdomCards[j] == kingdomCards[i])
branch  0 taken 90% (fallthrough)
branch  1 taken 10%
branch  2 taken 0% (fallthrough)
branch  3 taken 100%
        -:   62:            {
    #####:   63:                return -1;
        -:   64:            }
        -:   65:        }
        -:   66:    }
        -:   67:
        -:   68:
        -:   69:    //initialize supply
        -:   70:    ///////////////////////////////
        -:   71:
        -:   72:    //set number of Curse cards
        7:   73:    if (numPlayers == 2)
branch  0 taken 100% (fallthrough)
branch  1 taken 0%
        -:   74:    {
        7:   75:        state->supplyCount[curse] = 10;
        -:   76:    }
    #####:   77:    else if (numPlayers == 3)
branch  0 never executed
branch  1 never executed
        -:   78:    {
    #####:   79:        state->supplyCount[curse] = 20;
        -:   80:    }
        -:   81:    else
        -:   82:    {
    #####:   83:        state->supplyCount[curse] = 30;
        -:   84:    }
        -:   85:
        -:   86:    //set number of Victory cards
        7:   87:    if (numPlayers == 2)
branch  0 taken 100% (fallthrough)
branch  1 taken 0%
        -:   88:    {
        7:   89:        state->supplyCount[estate] = 8;
        7:   90:        state->supplyCount[duchy] = 8;
        7:   91:        state->supplyCount[province] = 8;
        -:   92:    }
        -:   93:    else
        -:   94:    {
    #####:   95:        state->supplyCount[estate] = 12;
    #####:   96:        state->supplyCount[duchy] = 12;
    #####:   97:        state->supplyCount[province] = 12;
        -:   98:    }
        -:   99:
        -:  100:    //set number of Treasure cards
        7:  101:    state->supplyCount[copper] = 60 - (7 * numPlayers);
        7:  102:    state->supplyCount[silver] = 40;
        7:  103:    state->supplyCount[gold] = 30;
        -:  104:
        -:  105:    //set number of Kingdom cards
      147:  106:    for (i = adventurer; i <= treasure_map; i++)       	//loop all cards
branch  0 taken 95%
branch  1 taken 5% (fallthrough)
        -:  107:    {
     1155:  108:        for (j = 0; j < 10; j++)           		//loop chosen cards
branch  0 taken 94%
branch  1 taken 6% (fallthrough)
        -:  109:        {
     1085:  110:            if (kingdomCards[j] == i)
branch  0 taken 6% (fallthrough)
branch  1 taken 94%
        -:  111:            {
        -:  112:                //check if card is a 'Victory' Kingdom card
       70:  113:                if (kingdomCards[j] == great_hall || kingdomCards[j] == gardens)
branch  0 taken 90% (fallthrough)
branch  1 taken 10%
branch  2 taken 11% (fallthrough)
branch  3 taken 89%
        -:  114:                {
       28:  115:                    if (numPlayers == 2) {
branch  0 taken 100% (fallthrough)
branch  1 taken 0%
       14:  116:                        state->supplyCount[i] = 8;
        -:  117:                    }
        -:  118:                    else {
    #####:  119:                        state->supplyCount[i] = 12;
        -:  120:                    }
        -:  121:                }
        -:  122:                else
        -:  123:                {
       56:  124:                    state->supplyCount[i] = 10;
        -:  125:                }
       70:  126:                break;
        -:  127:            }
        -:  128:            else    //card is not in the set choosen for the game
        -:  129:            {
     1015:  130:                state->supplyCount[i] = -1;
        -:  131:            }
        -:  132:        }
        -:  133:
        -:  134:    }
        -:  135:
        -:  136:    ////////////////////////
        -:  137:    //supply intilization complete
        -:  138:
        -:  139:    //set player decks
       21:  140:    for (i = 0; i < numPlayers; i++)
branch  0 taken 67%
branch  1 taken 33% (fallthrough)
        -:  141:    {
       14:  142:        state->deckCount[i] = 0;
       56:  143:        for (j = 0; j < 3; j++)
branch  0 taken 75%
branch  1 taken 25% (fallthrough)
        -:  144:        {
       42:  145:            state->deck[i][j] = estate;
       42:  146:            state->deckCount[i]++;
        -:  147:        }
      112:  148:        for (j = 3; j < 10; j++)
branch  0 taken 88%
branch  1 taken 13% (fallthrough)
        -:  149:        {
       98:  150:            state->deck[i][j] = copper;
       98:  151:            state->deckCount[i]++;
        -:  152:        }
        -:  153:    }
        -:  154:
        -:  155:    //shuffle player decks
       21:  156:    for (i = 0; i < numPlayers; i++)
branch  0 taken 67%
branch  1 taken 33% (fallthrough)
        -:  157:    {
       14:  158:        if ( shuffle(i, state) < 0 )
call    0 returned 100%
branch  1 taken 0% (fallthrough)
branch  2 taken 100%
        -:  159:        {
    #####:  160:            return -1;
        -:  161:        }
        -:  162:    }
        -:  163:
        -:  164:    //draw player hands
       21:  165:    for (i = 0; i < numPlayers; i++)
branch  0 taken 67%
branch  1 taken 33% (fallthrough)
        -:  166:    {
        -:  167:        //initialize hand size to zero
       14:  168:        state->handCount[i] = 0;
       14:  169:        state->discardCount[i] = 0;
        -:  170:        //draw 5 cards
        -:  171:        // for (j = 0; j < 5; j++)
        -:  172:        //	{
        -:  173:        //	  drawCard(i, state);
        -:  174:        //	}
        -:  175:    }
        -:  176:
        -:  177:    //set embargo tokens to 0 for all supply piles
      196:  178:    for (i = 0; i <= treasure_map; i++)
branch  0 taken 96%
branch  1 taken 4% (fallthrough)
        -:  179:    {
      189:  180:        state->embargoTokens[i] = 0;
        -:  181:    }
        -:  182:
        -:  183:    //initialize first player's turn
        7:  184:    state->outpostPlayed = 0;
        7:  185:    state->phase = 0;
        7:  186:    state->numActions = 1;
        7:  187:    state->numBuys = 1;
        7:  188:    state->playedCardCount = 0;
        7:  189:    state->whoseTurn = 0;
        7:  190:    state->handCount[state->whoseTurn] = 0;
        -:  191:    //int it; move to top
        -:  192:
        -:  193:    //Moved draw cards to here, only drawing at the start of a turn
       42:  194:    for (it = 0; it < 5; it++) {
branch  0 taken 83%
branch  1 taken 17% (fallthrough)
       35:  195:        drawCard(state->whoseTurn, state);
call    0 returned 100%
        -:  196:    }
        -:  197:
        7:  198:    updateCoins(state->whoseTurn, state, 0);
call    0 returned 100%
        -:  199:
        7:  200:    return 0;
        -:  201:}
        -:  202:
function shuffle called 14 returned 100% blocks executed 94%
       14:  203:int shuffle(int player, struct gameState *state) {
        -:  204:
        -:  205:
        -:  206:    int newDeck[MAX_DECK];
       14:  207:    int newDeckPos = 0;
        -:  208:    int card;
        -:  209:    int i;
        -:  210:
       14:  211:    if (state->deckCount[player] < 1)
branch  0 taken 0% (fallthrough)
branch  1 taken 100%
    #####:  212:        return -1;
       14:  213:    qsort ((void*)(state->deck[player]), state->deckCount[player], sizeof(int), compare);
call    0 returned 100%
        -:  214:    /* SORT CARDS IN DECK TO ENSURE DETERMINISM! */
        -:  215:
      168:  216:    while (state->deckCount[player] > 0) {
branch  0 taken 91%
branch  1 taken 9% (fallthrough)
      140:  217:        card = floor(Random() * state->deckCount[player]);
call    0 returned 100%
      140:  218:        newDeck[newDeckPos] = state->deck[player][card];
      140:  219:        newDeckPos++;
      532:  220:        for (i = card; i < state->deckCount[player]-1; i++) {
branch  0 taken 74%
branch  1 taken 26% (fallthrough)
      392:  221:            state->deck[player][i] = state->deck[player][i+1];
        -:  222:        }
      140:  223:        state->deckCount[player]--;
        -:  224:    }
      154:  225:    for (i = 0; i < newDeckPos; i++) {
branch  0 taken 91%
branch  1 taken 9% (fallthrough)
      140:  226:        state->deck[player][i] = newDeck[i];
      140:  227:        state->deckCount[player]++;
        -:  228:    }
        -:  229:
       14:  230:    return 0;
        -:  231:}
        -:  232:
function playCard called 0 returned 0% blocks executed 0%
    #####:  233:int playCard(int handPos, int choice1, int choice2, int choice3, struct gameState *state)
        -:  234:{
        -:  235:    int card;
    #####:  236:    int coin_bonus = 0; 		//tracks coins gain from actions
        -:  237:
        -:  238:    //check if it is the right phase
    #####:  239:    if (state->phase != 0)
branch  0 never executed
branch  1 never executed
        -:  240:    {
    #####:  241:        return -1;
        -:  242:    }
        -:  243:
        -:  244:    //check if player has enough actions
    #####:  245:    if ( state->numActions < 1 )
branch  0 never executed
branch  1 never executed
        -:  246:    {
    #####:  247:        return -1;
        -:  248:    }
        -:  249:
        -:  250:    //get card played
    #####:  251:    card = handCard(handPos, state);
call    0 never executed
        -:  252:
        -:  253:    //check if selected card is an action
    #####:  254:    if ( card < adventurer || card > treasure_map )
branch  0 never executed
branch  1 never executed
branch  2 never executed
branch  3 never executed
        -:  255:    {
    #####:  256:        return -1;
        -:  257:    }
        -:  258:
        -:  259:    //play card
    #####:  260:    if ( cardEffect(card, choice1, choice2, choice3, state, handPos, &coin_bonus) < 0 )
call    0 never executed
branch  1 never executed
branch  2 never executed
        -:  261:    {
    #####:  262:        return -1;
        -:  263:    }
        -:  264:
        -:  265:    //reduce number of actions
    #####:  266:    state->numActions--;
        -:  267:
        -:  268:    //update coins (Treasure cards may be added with card draws)
    #####:  269:    updateCoins(state->whoseTurn, state, coin_bonus);
call    0 never executed
        -:  270:
    #####:  271:    return 0;
        -:  272:}
        -:  273:
function buyCard called 0 returned 0% blocks executed 0%
    #####:  274:int buyCard(int supplyPos, struct gameState *state) {
        -:  275:    int who;
        -:  276:    if (DEBUG) {
        -:  277:        printf("Entering buyCard...\n");
        -:  278:    }
        -:  279:
        -:  280:    // I don't know what to do about the phase thing.
        -:  281:
    #####:  282:    who = state->whoseTurn;
        -:  283:
    #####:  284:    if (state->numBuys < 1) {
branch  0 never executed
branch  1 never executed
        -:  285:        if (DEBUG)
        -:  286:            printf("You do not have any buys left\n");
    #####:  287:        return -1;
    #####:  288:    } else if (supplyCount(supplyPos, state) <1) {
call    0 never executed
branch  1 never executed
branch  2 never executed
        -:  289:        if (DEBUG)
        -:  290:            printf("There are not any of that type of card left\n");
    #####:  291:        return -1;
    #####:  292:    } else if (state->coins < getCost(supplyPos)) {
call    0 never executed
branch  1 never executed
branch  2 never executed
        -:  293:        if (DEBUG)
        -:  294:            printf("You do not have enough money to buy that. You have %d coins.\n", state->coins);
    #####:  295:        return -1;
        -:  296:    } else {
    #####:  297:        state->phase=1;
        -:  298:        //state->supplyCount[supplyPos]--;
    #####:  299:        gainCard(supplyPos, state, 0, who); //card goes in discard, this might be wrong.. (2 means goes into hand, 0 goes into discard)
call    0 never executed
        -:  300:
    #####:  301:        state->coins = (state->coins) - (getCost(supplyPos));
call    0 never executed
    #####:  302:        state->numBuys--;
        -:  303:        if (DEBUG)
        -:  304:            printf("You bought card number %d for %d coins. You now have %d buys and %d coins.\n", supplyPos, getCost(supplyPos), state->numBuys, state->coins);
        -:  305:    }
        -:  306:
        -:  307:    //state->discard[who][state->discardCount[who]] = supplyPos;
        -:  308:    //state->discardCount[who]++;
        -:  309:
    #####:  310:    return 0;
        -:  311:}
        -:  312:
function numHandCards called 1 returned 100% blocks executed 100%
        1:  313:int numHandCards(struct gameState *state) {
        1:  314:    return state->handCount[ whoseTurn(state) ];
call    0 returned 100%
        -:  315:}
        -:  316:
function handCard called 0 returned 0% blocks executed 0%
    #####:  317:int handCard(int handPos, struct gameState *state) {
    #####:  318:    int currentPlayer = whoseTurn(state);
call    0 never executed
    #####:  319:    return state->hand[currentPlayer][handPos];
        -:  320:}
        -:  321:
function supplyCount called 7 returned 100% blocks executed 100%
        7:  322:int supplyCount(int card, struct gameState *state) {
        7:  323:    return state->supplyCount[card];
        -:  324:}
        -:  325:
function fullDeckCount called 0 returned 0% blocks executed 0%
    #####:  326:int fullDeckCount(int player, int card, struct gameState *state) {
        -:  327:    int i;
    #####:  328:    int count = 0;
        -:  329:
    #####:  330:    for (i = 0; i < state->deckCount[player]; i++)
branch  0 never executed
branch  1 never executed
        -:  331:    {
    #####:  332:        if (state->deck[player][i] == card) count++;
branch  0 never executed
branch  1 never executed
        -:  333:    }
        -:  334:
    #####:  335:    for (i = 0; i < state->handCount[player]; i++)
branch  0 never executed
branch  1 never executed
        -:  336:    {
    #####:  337:        if (state->hand[player][i] == card) count++;
branch  0 never executed
branch  1 never executed
        -:  338:    }
        -:  339:
    #####:  340:    for (i = 0; i < state->discardCount[player]; i++)
branch  0 never executed
branch  1 never executed
        -:  341:    {
    #####:  342:        if (state->discard[player][i] == card) count++;
branch  0 never executed
branch  1 never executed
        -:  343:    }
        -:  344:
    #####:  345:    return count;
        -:  346:}
        -:  347:
function whoseTurn called 1 returned 100% blocks executed 100%
        1:  348:int whoseTurn(struct gameState *state) {
        1:  349:    return state->whoseTurn;
        -:  350:}
        -:  351:
function endTurn called 0 returned 0% blocks executed 0%
    #####:  352:int endTurn(struct gameState *state) {
        -:  353:    int k;
        -:  354:    int i;
    #####:  355:    int currentPlayer = whoseTurn(state);
call    0 never executed
        -:  356:
        -:  357:    //Discard hand
    #####:  358:    for (i = 0; i < state->handCount[currentPlayer]; i++) {
branch  0 never executed
branch  1 never executed
    #####:  359:        state->discard[currentPlayer][state->discardCount[currentPlayer]++] = state->hand[currentPlayer][i];//Discard
    #####:  360:        state->hand[currentPlayer][i] = -1;//Set card to -1
        -:  361:    }
    #####:  362:    state->handCount[currentPlayer] = 0;//Reset hand count
        -:  363:
        -:  364:    //Code for determining the player
    #####:  365:    if (currentPlayer < (state->numPlayers - 1)) {
branch  0 never executed
branch  1 never executed
    #####:  366:        state->whoseTurn = currentPlayer + 1;//Still safe to increment
        -:  367:    }
        -:  368:    else {
    #####:  369:        state->whoseTurn = 0;//Max player has been reached, loop back around to player 1
        -:  370:    }
        -:  371:
    #####:  372:    state->outpostPlayed = 0;
    #####:  373:    state->phase = 0;
    #####:  374:    state->numActions = 1;
    #####:  375:    state->coins = 0;
    #####:  376:    state->numBuys = 1;
    #####:  377:    state->playedCardCount = 0;
    #####:  378:    state->handCount[state->whoseTurn] = 0;
        -:  379:
        -:  380:    //int k; move to top
        -:  381:    //Next player draws hand
    #####:  382:    for (k = 0; k < 5; k++) {
branch  0 never executed
branch  1 never executed
    #####:  383:        drawCard(state->whoseTurn, state);//Draw a card
call    0 never executed
        -:  384:    }
        -:  385:
        -:  386:    //Update money
    #####:  387:    updateCoins(state->whoseTurn, state, 0);
call    0 never executed
        -:  388:
    #####:  389:    return 0;
        -:  390:}
        -:  391:
function isGameOver called 0 returned 0% blocks executed 0%
    #####:  392:int isGameOver(struct gameState *state) {
        -:  393:    int i;
        -:  394:    int j;
        -:  395:
        -:  396:    //if stack of Province cards is empty, the game ends
    #####:  397:    if (state->supplyCount[province] == 0)
branch  0 never executed
branch  1 never executed
        -:  398:    {
    #####:  399:        return 1;
        -:  400:    }
        -:  401:
        -:  402:    //if three supply pile are at 0, the game ends
    #####:  403:    j = 0;
    #####:  404:    for (i = 0; i < 25; i++)
branch  0 never executed
branch  1 never executed
        -:  405:    {
    #####:  406:        if (state->supplyCount[i] == 0)
branch  0 never executed
branch  1 never executed
        -:  407:        {
    #####:  408:            j++;
        -:  409:        }
        -:  410:    }
    #####:  411:    if ( j >= 3)
branch  0 never executed
branch  1 never executed
        -:  412:    {
    #####:  413:        return 1;
        -:  414:    }
        -:  415:
    #####:  416:    return 0;
        -:  417:}
        -:  418:
function scoreFor called 0 returned 0% blocks executed 0%
    #####:  419:int scoreFor (int player, struct gameState *state) {
        -:  420:
        -:  421:    int i;
    #####:  422:    int score = 0;
        -:  423:    //score from hand
    #####:  424:    for (i = 0; i < state->handCount[player]; i++)
branch  0 never executed
branch  1 never executed
        -:  425:    {
    #####:  426:        if (state->hand[player][i] == curse) {
branch  0 never executed
branch  1 never executed
    #####:  427:            score = score - 1;
        -:  428:        };
    #####:  429:        if (state->hand[player][i] == estate) {
branch  0 never executed
branch  1 never executed
    #####:  430:            score = score + 1;
        -:  431:        };
    #####:  432:        if (state->hand[player][i] == duchy) {
branch  0 never executed
branch  1 never executed
    #####:  433:            score = score + 3;
        -:  434:        };
    #####:  435:        if (state->hand[player][i] == province) {
branch  0 never executed
branch  1 never executed
    #####:  436:            score = score + 6;
        -:  437:        };
    #####:  438:        if (state->hand[player][i] == great_hall) {
branch  0 never executed
branch  1 never executed
    #####:  439:            score = score + 1;
        -:  440:        };
    #####:  441:        if (state->hand[player][i] == gardens) {
branch  0 never executed
branch  1 never executed
    #####:  442:            score = score + ( fullDeckCount(player, 0, state) / 10 );
call    0 never executed
        -:  443:        };
        -:  444:    }
        -:  445:
        -:  446:    //score from discard
    #####:  447:    for (i = 0; i < state->discardCount[player]; i++)
branch  0 never executed
branch  1 never executed
        -:  448:    {
    #####:  449:        if (state->discard[player][i] == curse) {
branch  0 never executed
branch  1 never executed
    #####:  450:            score = score - 1;
        -:  451:        };
    #####:  452:        if (state->discard[player][i] == estate) {
branch  0 never executed
branch  1 never executed
    #####:  453:            score = score + 1;
        -:  454:        };
    #####:  455:        if (state->discard[player][i] == duchy) {
branch  0 never executed
branch  1 never executed
    #####:  456:            score = score + 3;
        -:  457:        };
    #####:  458:        if (state->discard[player][i] == province) {
branch  0 never executed
branch  1 never executed
    #####:  459:            score = score + 6;
        -:  460:        };
    #####:  461:        if (state->discard[player][i] == great_hall) {
branch  0 never executed
branch  1 never executed
    #####:  462:            score = score + 1;
        -:  463:        };
    #####:  464:        if (state->discard[player][i] == gardens) {
branch  0 never executed
branch  1 never executed
    #####:  465:            score = score + ( fullDeckCount(player, 0, state) / 10 );
call    0 never executed
        -:  466:        };
        -:  467:    }
        -:  468:
        -:  469:    //score from deck
    #####:  470:    for (i = 0; i < state->discardCount[player]; i++)
branch  0 never executed
branch  1 never executed
        -:  471:    {
    #####:  472:        if (state->deck[player][i] == curse) {
branch  0 never executed
branch  1 never executed
    #####:  473:            score = score - 1;
        -:  474:        };
    #####:  475:        if (state->deck[player][i] == estate) {
branch  0 never executed
branch  1 never executed
    #####:  476:            score = score + 1;
        -:  477:        };
    #####:  478:        if (state->deck[player][i] == duchy) {
branch  0 never executed
branch  1 never executed
    #####:  479:            score = score + 3;
        -:  480:        };
    #####:  481:        if (state->deck[player][i] == province) {
branch  0 never executed
branch  1 never executed
    #####:  482:            score = score + 6;
        -:  483:        };
    #####:  484:        if (state->deck[player][i] == great_hall) {
branch  0 never executed
branch  1 never executed
    #####:  485:            score = score + 1;
        -:  486:        };
    #####:  487:        if (state->deck[player][i] == gardens) {
branch  0 never executed
branch  1 never executed
    #####:  488:            score = score + ( fullDeckCount(player, 0, state) / 10 );
call    0 never executed
        -:  489:        };
        -:  490:    }
        -:  491:
    #####:  492:    return score;
        -:  493:}
        -:  494:
function getWinners called 0 returned 0% blocks executed 0%
    #####:  495:int getWinners(int players[MAX_PLAYERS], struct gameState *state) {
        -:  496:    int i;
        -:  497:    int j;
        -:  498:    int highScore;
        -:  499:    int currentPlayer;
        -:  500:
        -:  501:    //get score for each player
    #####:  502:    for (i = 0; i < MAX_PLAYERS; i++)
branch  0 never executed
branch  1 never executed
        -:  503:    {
        -:  504:        //set unused player scores to -9999
    #####:  505:        if (i >= state->numPlayers)
branch  0 never executed
branch  1 never executed
        -:  506:        {
    #####:  507:            players[i] = -9999;
        -:  508:        }
        -:  509:        else
        -:  510:        {
    #####:  511:            players[i] = scoreFor (i, state);
call    0 never executed
        -:  512:        }
        -:  513:    }
        -:  514:
        -:  515:    //find highest score
    #####:  516:    j = 0;
    #####:  517:    for (i = 0; i < MAX_PLAYERS; i++)
branch  0 never executed
branch  1 never executed
        -:  518:    {
    #####:  519:        if (players[i] > players[j])
branch  0 never executed
branch  1 never executed
        -:  520:        {
    #####:  521:            j = i;
        -:  522:        }
        -:  523:    }
    #####:  524:    highScore = players[j];
        -:  525:
        -:  526:    //add 1 to players who had less turns
    #####:  527:    currentPlayer = whoseTurn(state);
call    0 never executed
    #####:  528:    for (i = 0; i < MAX_PLAYERS; i++)
branch  0 never executed
branch  1 never executed
        -:  529:    {
    #####:  530:        if ( players[i] == highScore && i > currentPlayer )
branch  0 never executed
branch  1 never executed
branch  2 never executed
branch  3 never executed
        -:  531:        {
    #####:  532:            players[i]++;
        -:  533:        }
        -:  534:    }
        -:  535:
        -:  536:    //find new highest score
    #####:  537:    j = 0;
    #####:  538:    for (i = 0; i < MAX_PLAYERS; i++)
branch  0 never executed
branch  1 never executed
        -:  539:    {
    #####:  540:        if ( players[i] > players[j] )
branch  0 never executed
branch  1 never executed
        -:  541:        {
    #####:  542:            j = i;
        -:  543:        }
        -:  544:    }
    #####:  545:    highScore = players[j];
        -:  546:
        -:  547:    //set winners in array to 1 and rest to 0
    #####:  548:    for (i = 0; i < MAX_PLAYERS; i++)
branch  0 never executed
branch  1 never executed
        -:  549:    {
    #####:  550:        if ( players[i] == highScore )
branch  0 never executed
branch  1 never executed
        -:  551:        {
    #####:  552:            players[i] = 1;
        -:  553:        }
        -:  554:        else
        -:  555:        {
    #####:  556:            players[i] = 0;
        -:  557:        }
        -:  558:    }
        -:  559:
    #####:  560:    return 0;
        -:  561:}
        -:  562:
function drawCard called 43 returned 100% blocks executed 38%
       43:  563:int drawCard(int player, struct gameState *state)
        -:  564:{   int count;
        -:  565:    int deckCounter;
       43:  566:    if (state->deckCount[player] <= 0) { //Deck is empty
branch  0 taken 0% (fallthrough)
branch  1 taken 100%
        -:  567:
        -:  568:        //Step 1 Shuffle the discard pile back into a deck
        -:  569:        int i;
        -:  570:        //Move discard to deck
    #####:  571:        for (i = 0; i < state->discardCount[player]; i++) {
branch  0 never executed
branch  1 never executed
    #####:  572:            state->deck[player][i] = state->discard[player][i];
    #####:  573:            state->discard[player][i] = -1;
        -:  574:        }
        -:  575:
    #####:  576:        state->deckCount[player] = state->discardCount[player];
    #####:  577:        state->discardCount[player] = 0;//Reset discard
        -:  578:
        -:  579:        //Shufffle the deck
    #####:  580:        shuffle(player, state);//Shuffle the deck up and make it so that we can draw
call    0 never executed
        -:  581:
        -:  582:        if (DEBUG) { //Debug statements
        -:  583:            printf("Deck count now: %d\n", state->deckCount[player]);
        -:  584:        }
        -:  585:
    #####:  586:        state->discardCount[player] = 0;
        -:  587:
        -:  588:        //Step 2 Draw Card
    #####:  589:        count = state->handCount[player];//Get current player's hand count
        -:  590:
        -:  591:        if (DEBUG) { //Debug statements
        -:  592:            printf("Current hand count: %d\n", count);
        -:  593:        }
        -:  594:
    #####:  595:        deckCounter = state->deckCount[player];//Create a holder for the deck count
        -:  596:
    #####:  597:        if (deckCounter == 0)
branch  0 never executed
branch  1 never executed
    #####:  598:            return -1;
        -:  599:
    #####:  600:        state->hand[player][count] = state->deck[player][deckCounter - 1];//Add card to hand
    #####:  601:        state->deckCount[player]--;
    #####:  602:        state->handCount[player]++;//Increment hand count
        -:  603:    }
        -:  604:
        -:  605:    else {
       43:  606:        int count = state->handCount[player];//Get current hand count for player
        -:  607:        int deckCounter;
        -:  608:        if (DEBUG) { //Debug statements
        -:  609:            printf("Current hand count: %d\n", count);
        -:  610:        }
        -:  611:
       43:  612:        deckCounter = state->deckCount[player];//Create holder for the deck count
       43:  613:        state->hand[player][count] = state->deck[player][deckCounter - 1];//Add card to the hand
       43:  614:        state->deckCount[player]--;
       43:  615:        state->handCount[player]++;//Increment hand count
        -:  616:    }
        -:  617:
       43:  618:    return 0;
        -:  619:}
        -:  620:
function getCost called 12 returned 100% blocks executed 17%
       12:  621:int getCost(int cardNumber)
        -:  622:{
       12:  623:    switch( cardNumber )
branch  0 taken 0%
branch  1 taken 0%
branch  2 taken 0%
branch  3 taken 0%
branch  4 taken 50%
branch  5 taken 17%
branch  6 taken 0%
branch  7 taken 0%
branch  8 taken 0%
branch  9 taken 33%
branch 10 taken 0%
branch 11 taken 0%
branch 12 taken 0%
branch 13 taken 0%
branch 14 taken 0%
branch 15 taken 0%
branch 16 taken 0%
branch 17 taken 0%
branch 18 taken 0%
branch 19 taken 0%
branch 20 taken 0%
branch 21 taken 0%
branch 22 taken 0%
branch 23 taken 0%
branch 24 taken 0%
branch 25 taken 0%
branch 26 taken 0%
branch 27 taken 0%
        -:  624:    {
        -:  625:    case curse:
    #####:  626:        return 0;
        -:  627:    case estate:
    #####:  628:        return 2;
        -:  629:    case duchy:
    #####:  630:        return 5;
        -:  631:    case province:
    #####:  632:        return 8;
        -:  633:    case copper:
        6:  634:        return 0;
        -:  635:    case silver:
        2:  636:        return 3;
        -:  637:    case gold:
    #####:  638:        return 6;
        -:  639:    case adventurer:
    #####:  640:        return 6;
        -:  641:    case council_room:
    #####:  642:        return 5;
        -:  643:    case feast:
        4:  644:        return 4;
        -:  645:    case gardens:
    #####:  646:        return 4;
        -:  647:    case mine:
    #####:  648:        return 5;
        -:  649:    case remodel:
    #####:  650:        return 4;
        -:  651:    case smithy:
    #####:  652:        return 4;
        -:  653:    case village:
    #####:  654:        return 3;
        -:  655:    case baron:
    #####:  656:        return 4;
        -:  657:    case great_hall:
    #####:  658:        return 3;
        -:  659:    case minion:
    #####:  660:        return 5;
        -:  661:    case steward:
    #####:  662:        return 3;
        -:  663:    case tribute:
    #####:  664:        return 5;
        -:  665:    case ambassador:
    #####:  666:        return 3;
        -:  667:    case cutpurse:
    #####:  668:        return 4;
        -:  669:    case embargo:
    #####:  670:        return 2;
        -:  671:    case outpost:
    #####:  672:        return 5;
        -:  673:    case salvager:
    #####:  674:        return 4;
        -:  675:    case sea_hag:
    #####:  676:        return 4;
        -:  677:    case treasure_map:
    #####:  678:        return 4;
        -:  679:    }
        -:  680:
    #####:  681:    return -1;
        -:  682:}
        -:  683:
function cardEffect called 0 returned 0% blocks executed 0%
    #####:  684:int cardEffect(int card, int choice1, int choice2, int choice3, struct gameState *state, int handPos, int *bonus)
        -:  685:{
        -:  686:    int i;
        -:  687:    int j;
        -:  688:    int k;
        -:  689:    int x;
        -:  690:    int index;
    #####:  691:    int currentPlayer = whoseTurn(state);
call    0 never executed
    #####:  692:    int nextPlayer = currentPlayer + 1;
        -:  693:
    #####:  694:    int tributeRevealedCards[2] = {-1, -1};
        -:  695:    int temphand[MAX_HAND];// moved above the if statement
    #####:  696:    int drawntreasure=0;
        -:  697:    int cardDrawn;
    #####:  698:    int z = 0;// this is the counter for the temp hand
    #####:  699:    if (nextPlayer > (state->numPlayers - 1)) {
branch  0 never executed
branch  1 never executed
    #####:  700:        nextPlayer = 0;
        -:  701:    }
        -:  702:
        -:  703:
        -:  704:    //uses switch to select card and perform actions
    #####:  705:    switch( card )
branch  0 never executed
branch  1 never executed
branch  2 never executed
branch  3 never executed
branch  4 never executed
branch  5 never executed
branch  6 never executed
branch  7 never executed
branch  8 never executed
branch  9 never executed
branch 10 never executed
branch 11 never executed
branch 12 never executed
branch 13 never executed
branch 14 never executed
branch 15 never executed
branch 16 never executed
branch 17 never executed
branch 18 never executed
branch 19 never executed
branch 20 never executed
        -:  706:    {
        -:  707:    case adventurer:
    #####:  708:        while(drawntreasure<2) {
branch  0 never executed
branch  1 never executed
    #####:  709:            if (state->deckCount[currentPlayer] <1) { //if the deck is empty we need to shuffle discard and add to deck
branch  0 never executed
branch  1 never executed
    #####:  710:                shuffle(currentPlayer, state);
call    0 never executed
        -:  711:            }
    #####:  712:            drawCard(currentPlayer, state);
call    0 never executed
    #####:  713:            cardDrawn = state->hand[currentPlayer][state->handCount[currentPlayer]-1];//top card of hand is most recently drawn card.
    #####:  714:            if (cardDrawn == copper || cardDrawn == silver || cardDrawn == gold)
branch  0 never executed
branch  1 never executed
branch  2 never executed
branch  3 never executed
branch  4 never executed
branch  5 never executed
    #####:  715:                drawntreasure++;
        -:  716:            else {
    #####:  717:                temphand[z]=cardDrawn;
    #####:  718:                state->handCount[currentPlayer]--; //this should just remove the top card (the most recently drawn one).
    #####:  719:                z++;
        -:  720:            }
        -:  721:        }
    #####:  722:        while(z-1>=0) {
branch  0 never executed
branch  1 never executed
    #####:  723:            state->discard[currentPlayer][state->discardCount[currentPlayer]++]=temphand[z-1]; // discard all cards in play that have been drawn
    #####:  724:            z=z-1;
        -:  725:        }
    #####:  726:        return 0;
        -:  727:
        -:  728:    case council_room:
        -:  729:        //+4 Cards
    #####:  730:        for (i = 0; i < 4; i++)
branch  0 never executed
branch  1 never executed
        -:  731:        {
    #####:  732:            drawCard(currentPlayer, state);
call    0 never executed
        -:  733:        }
        -:  734:
        -:  735:        //+1 Buy
    #####:  736:        state->numBuys++;
        -:  737:
        -:  738:        //Each other player draws a card
    #####:  739:        for (i = 0; i < state->numPlayers; i++)
branch  0 never executed
branch  1 never executed
        -:  740:        {
    #####:  741:            if ( i != currentPlayer )
branch  0 never executed
branch  1 never executed
        -:  742:            {
    #####:  743:                drawCard(i, state);
call    0 never executed
        -:  744:            }
        -:  745:        }
        -:  746:
        -:  747:        //put played card in played card pile
    #####:  748:        discardCard(handPos, currentPlayer, state, 0);
call    0 never executed
        -:  749:
    #####:  750:        return 0;
        -:  751:
        -:  752:    case feast:
        -:  753:        //gain card with cost up to 5
        -:  754:        //Backup hand
    #####:  755:        for (i = 0; i <= state->handCount[currentPlayer]; i++) {
branch  0 never executed
branch  1 never executed
    #####:  756:            temphand[i] = state->hand[currentPlayer][i];//Backup card
    #####:  757:            state->hand[currentPlayer][i] = -1;//Set to nothing
        -:  758:        }
        -:  759:        //Backup hand
        -:  760:
        -:  761:        //Update Coins for Buy
    #####:  762:        updateCoins(currentPlayer, state, 5);
call    0 never executed
    #####:  763:        x = 1;//Condition to loop on
    #####:  764:        while( x == 1) {//Buy one card
branch  0 never executed
branch  1 never executed
    #####:  765:            if (supplyCount(choice1, state) <= 0) {
call    0 never executed
branch  1 never executed
branch  2 never executed
        -:  766:                if (DEBUG)
        -:  767:                    printf("None of that card left, sorry!\n");
        -:  768:
        -:  769:                if (DEBUG) {
        -:  770:                    printf("Cards Left: %d\n", supplyCount(choice1, state));
        -:  771:                }
        -:  772:            }
    #####:  773:            else if (state->coins < getCost(choice1)) {
call    0 never executed
branch  1 never executed
branch  2 never executed
    #####:  774:                printf("That card is too expensive!\n");
call    0 never executed
        -:  775:
        -:  776:                if (DEBUG) {
        -:  777:                    printf("Coins: %d < %d\n", state->coins, getCost(choice1));
        -:  778:                }
        -:  779:            }
        -:  780:            else {
        -:  781:
        -:  782:                if (DEBUG) {
        -:  783:                    printf("Deck Count: %d\n", state->handCount[currentPlayer] + state->deckCount[currentPlayer] + state->discardCount[currentPlayer]);
        -:  784:                }
        -:  785:
    #####:  786:                gainCard(choice1, state, 0, currentPlayer);//Gain the card
call    0 never executed
    #####:  787:                x = 0;//No more buying cards
        -:  788:
        -:  789:                if (DEBUG) {
        -:  790:                    printf("Deck Count: %d\n", state->handCount[currentPlayer] + state->deckCount[currentPlayer] + state->discardCount[currentPlayer]);
        -:  791:                }
        -:  792:
        -:  793:            }
        -:  794:        }
        -:  795:
        -:  796:        //Reset Hand
    #####:  797:        for (i = 0; i <= state->handCount[currentPlayer]; i++) {
branch  0 never executed
branch  1 never executed
    #####:  798:            state->hand[currentPlayer][i] = temphand[i];
    #####:  799:            temphand[i] = -1;
        -:  800:        }
        -:  801:        //Reset Hand
        -:  802:
    #####:  803:        return 0;
        -:  804:
        -:  805:    case gardens:
    #####:  806:        return -1;
        -:  807:
        -:  808:    case mine:
    #####:  809:        mine_action (state, choice1, choice2, currentPlayer, handPos);
call    0 never executed
        -:  810:
        -:  811:    case remodel:
    #####:  812:        j = state->hand[currentPlayer][choice1];  //store card we will trash
        -:  813:
    #####:  814:        if ( (getCost(state->hand[currentPlayer][choice1]) + 2) > getCost(choice2) )
call    0 never executed
call    1 never executed
branch  2 never executed
branch  3 never executed
        -:  815:        {
    #####:  816:            return -1;
        -:  817:        }
        -:  818:
    #####:  819:        gainCard(choice2, state, 0, currentPlayer);
call    0 never executed
        -:  820:
        -:  821:        //discard card from hand
    #####:  822:        discardCard(handPos, currentPlayer, state, 0);
call    0 never executed
        -:  823:
        -:  824:        //discard trashed card
    #####:  825:        for (i = 0; i < state->handCount[currentPlayer]; i++)
branch  0 never executed
branch  1 never executed
        -:  826:        {
    #####:  827:            if (state->hand[currentPlayer][i] == j)
branch  0 never executed
branch  1 never executed
        -:  828:            {
    #####:  829:                discardCard(i, currentPlayer, state, 0);
call    0 never executed
    #####:  830:                break;
        -:  831:            }
        -:  832:        }
        -:  833:
        -:  834:
    #####:  835:        return 0;
        -:  836:
        -:  837:    case smithy:
        -:  838:        //+3 Cards
    #####:  839:        for (i = 0; i < 3; i++)
branch  0 never executed
branch  1 never executed
        -:  840:        {
    #####:  841:            drawCard(currentPlayer, state);
call    0 never executed
        -:  842:        }
        -:  843:
        -:  844:        //discard card from hand
    #####:  845:        discardCard(handPos, currentPlayer, state, 0);
call    0 never executed
    #####:  846:        return 0;
        -:  847:
        -:  848:    case village:
        -:  849:        //+1 Card
    #####:  850:        drawCard(currentPlayer, state);
call    0 never executed
        -:  851:
        -:  852:        //+2 Actions
    #####:  853:        state->numActions = state->numActions + 2;
        -:  854:
        -:  855:        //discard played card from hand
    #####:  856:        discardCard(handPos, currentPlayer, state, 0);
call    0 never executed
    #####:  857:        return 0;
        -:  858:
        -:  859:    case baron:
    #####:  860:        return baron_action (state, choice1, currentPlayer);
call    0 never executed
        -:  861:    case great_hall:
        -:  862:        //+1 Card
    #####:  863:        drawCard(currentPlayer, state);
call    0 never executed
        -:  864:
        -:  865:        //+1 Actions
    #####:  866:        state->numActions++;
        -:  867:
        -:  868:        //discard card from hand
    #####:  869:        discardCard(handPos, currentPlayer, state, 0);
call    0 never executed
    #####:  870:        return 0;
        -:  871:
        -:  872:    case minion:
    #####:  873:        minion_action(state, choice1, choice2, handPos, currentPlayer);
call    0 never executed
        -:  874:    
        -:  875:    case steward:
    #####:  876:        if (choice1 == 1)
branch  0 never executed
branch  1 never executed
        -:  877:        {
        -:  878:            //+2 cards
    #####:  879:            drawCard(currentPlayer, state);
call    0 never executed
    #####:  880:            drawCard(currentPlayer, state);
call    0 never executed
        -:  881:        }
    #####:  882:        else if (choice1 == 2)
branch  0 never executed
branch  1 never executed
        -:  883:        {
        -:  884:            //+2 coins
    #####:  885:            state->coins = state->coins + 2;
        -:  886:        }
        -:  887:        else
        -:  888:        {
        -:  889:            //trash 2 cards in hand
    #####:  890:            discardCard(choice2, currentPlayer, state, 1);
call    0 never executed
    #####:  891:            discardCard(choice3, currentPlayer, state, 1);
call    0 never executed
        -:  892:        }
        -:  893:
        -:  894:        //discard card from hand
    #####:  895:        discardCard(handPos, currentPlayer, state, 0);
call    0 never executed
    #####:  896:        return 0;
        -:  897:
        -:  898:    case tribute:
    #####:  899:        tribute_action(state, nextPlayer, tributeRevealedCards, currentPlayer);
call    0 never executed
        -:  900:    case ambassador:
    #####:  901:        ambassador_action(state, choice1, choice2, handPos, currentPlayer);
call    0 never executed
        -:  902:    case cutpurse:
        -:  903:
    #####:  904:        updateCoins(currentPlayer, state, 2);
call    0 never executed
    #####:  905:        for (i = 0; i < state->numPlayers; i++)
branch  0 never executed
branch  1 never executed
        -:  906:        {
    #####:  907:            if (i != currentPlayer)
branch  0 never executed
branch  1 never executed
        -:  908:            {
    #####:  909:                for (j = 0; j < state->handCount[i]; j++)
branch  0 never executed
branch  1 never executed
        -:  910:                {
    #####:  911:                    if (state->hand[i][j] == copper)
branch  0 never executed
branch  1 never executed
        -:  912:                    {
    #####:  913:                        discardCard(j, i, state, 0);
call    0 never executed
    #####:  914:                        break;
        -:  915:                    }
    #####:  916:                    if (j == state->handCount[i])
branch  0 never executed
branch  1 never executed
        -:  917:                    {
    #####:  918:                        for (k = 0; k < state->handCount[i]; k++)
branch  0 never executed
branch  1 never executed
        -:  919:                        {
        -:  920:                            if (DEBUG)
        -:  921:                                printf("Player %d reveals card number %d\n", i, state->hand[i][k]);
        -:  922:                        }
    #####:  923:                        break;
        -:  924:                    }
        -:  925:                }
        -:  926:
        -:  927:            }
        -:  928:
        -:  929:        }
        -:  930:
        -:  931:        //discard played card from hand
    #####:  932:        discardCard(handPos, currentPlayer, state, 0);
call    0 never executed
        -:  933:
    #####:  934:        return 0;
        -:  935:
        -:  936:  
        -:  937:    case embargo:
        -:  938:        //+2 Coins
    #####:  939:        state->coins = state->coins + 2;
        -:  940:
        -:  941:        //see if selected pile is in play
    #####:  942:        if ( state->supplyCount[choice1] == -1 )
branch  0 never executed
branch  1 never executed
        -:  943:        {
    #####:  944:            return -1;
        -:  945:        }
        -:  946:
        -:  947:        //add embargo token to selected supply pile
    #####:  948:        state->embargoTokens[choice1]++;
        -:  949:
        -:  950:        //trash card
    #####:  951:        discardCard(handPos, currentPlayer, state, 1);
call    0 never executed
    #####:  952:        return 0;
        -:  953:
        -:  954:    case outpost:
        -:  955:        //set outpost flag
    #####:  956:        state->outpostPlayed++;
        -:  957:
        -:  958:        //discard card
    #####:  959:        discardCard(handPos, currentPlayer, state, 0);
call    0 never executed
    #####:  960:        return 0;
        -:  961:
        -:  962:    case salvager:
        -:  963:        //+1 buy
    #####:  964:        state->numBuys++;
        -:  965:
    #####:  966:        if (choice1)
branch  0 never executed
branch  1 never executed
        -:  967:        {
        -:  968:            //gain coins equal to trashed card
    #####:  969:            state->coins = state->coins + getCost( handCard(choice1, state) );
call    0 never executed
call    1 never executed
        -:  970:            //trash card
    #####:  971:            discardCard(choice1, currentPlayer, state, 1);
call    0 never executed
        -:  972:        }
        -:  973:
        -:  974:        //discard card
    #####:  975:        discardCard(handPos, currentPlayer, state, 0);
call    0 never executed
    #####:  976:        return 0;
        -:  977:
        -:  978:    case sea_hag:
    #####:  979:        for (i = 0; i < state->numPlayers; i++) {
branch  0 never executed
branch  1 never executed
    #####:  980:            if (i != currentPlayer) {
branch  0 never executed
branch  1 never executed
    #####:  981:                state->discard[i][state->discardCount[i]] = state->deck[i][state->deckCount[i]--];
    #####:  982:                state->deckCount[i]--;
    #####:  983:                state->discardCount[i]++;
    #####:  984:                state->deck[i][state->deckCount[i]--] = curse;//Top card now a curse
        -:  985:            }
        -:  986:        }
    #####:  987:        return 0;
        -:  988:
        -:  989:    case treasure_map:
        -:  990:        //search hand for another treasure_map
    #####:  991:        index = -1;
    #####:  992:        for (i = 0; i < state->handCount[currentPlayer]; i++)
branch  0 never executed
branch  1 never executed
        -:  993:        {
    #####:  994:            if (state->hand[currentPlayer][i] == treasure_map && i != handPos)
branch  0 never executed
branch  1 never executed
branch  2 never executed
branch  3 never executed
        -:  995:            {
    #####:  996:                index = i;
    #####:  997:                break;
        -:  998:            }
        -:  999:        }
    #####: 1000:        if (index > -1)
branch  0 never executed
branch  1 never executed
        -: 1001:        {
        -: 1002:            //trash both treasure cards
    #####: 1003:            discardCard(handPos, currentPlayer, state, 1);
call    0 never executed
    #####: 1004:            discardCard(index, currentPlayer, state, 1);
call    0 never executed
        -: 1005:
        -: 1006:            //gain 4 Gold cards
    #####: 1007:            for (i = 0; i < 4; i++)
branch  0 never executed
branch  1 never executed
        -: 1008:            {
    #####: 1009:                gainCard(gold, state, 1, currentPlayer);
call    0 never executed
        -: 1010:            }
        -: 1011:
        -: 1012:            //return success
    #####: 1013:            return 1;
        -: 1014:        }
        -: 1015:
        -: 1016:        //no second treasure_map found in hand
    #####: 1017:        return -1;
        -: 1018:    }
        -: 1019:
    #####: 1020:    return -1;
        -: 1021:}
        -: 1022:
function baron_action called 4 returned 100% blocks executed 77%
        4: 1023:int baron_action (struct gameState *state, int choice1, int currentPlayer) {
        4: 1024:    state->numBuys++;//Increase buys by 1!
        4: 1025:        if (choice1 > 0) { //Boolean true or going to discard an estate
branch  0 taken 50% (fallthrough)
branch  1 taken 50%
        2: 1026:            int p = 0;//Iterator for hand!
        2: 1027:            int card_not_discarded = 1;//Flag for discard set!
        7: 1028:            while(card_not_discarded) {
branch  0 taken 60%
branch  1 taken 40% (fallthrough)
        3: 1029:                if (state->hand[currentPlayer][p] == estate) { //Found an estate card!
branch  0 taken 33% (fallthrough)
branch  1 taken 67%
        1: 1030:                    state->coins += 10;//Add 4 coins to the amount of coins
        1: 1031:                    state->discard[currentPlayer][state->discardCount[currentPlayer]] = state->hand[currentPlayer][p];
        1: 1032:                    state->discardCount[currentPlayer]++;
        1: 1033:                    for (; p < state->handCount[currentPlayer]; p++) {
branch  0 taken 0%
branch  1 taken 100% (fallthrough)
    #####: 1034:                        state->hand[currentPlayer][p] = state->hand[currentPlayer][p+1];
        -: 1035:                    }
        1: 1036:                    state->hand[currentPlayer][state->handCount[currentPlayer]] = -1;
        1: 1037:                    state->handCount[currentPlayer]--;
        1: 1038:                    card_not_discarded = 0;//Exit the loop
        -: 1039:                }
        2: 1040:                else if (p > state->handCount[currentPlayer]) {
branch  0 taken 50% (fallthrough)
branch  1 taken 50%
        -: 1041:                    if(DEBUG) {
        -: 1042:                        printf("No estate cards in your hand, invalid choice\n");
        -: 1043:                        printf("Must gain an estate if there are any\n");
        -: 1044:                    }
        1: 1045:                    if (supplyCount(estate, state) < 0) {
call    0 returned 100%
branch  1 taken 0% (fallthrough)
branch  2 taken 100%
    #####: 1046:                        gainCard(estate, state, 0, currentPlayer);
call    0 never executed
        -: 1047:
    #####: 1048:                        state->supplyCount[estate]--;//Decrement estates
    #####: 1049:                        if (supplyCount(estate, state) == 0) {
call    0 never executed
branch  1 never executed
branch  2 never executed
    #####: 1050:                            isGameOver(state);
call    0 never executed
        -: 1051:                        }
        -: 1052:                    }
        1: 1053:                    card_not_discarded = 0;//Exit the loop
        -: 1054:                }
        -: 1055:
        -: 1056:                else {
        1: 1057:                    p++;//Next card
        -: 1058:                }
        -: 1059:            }
        -: 1060:        }
        -: 1061:
        -: 1062:        else {
        2: 1063:            if (supplyCount(estate, state) > 0) {
call    0 returned 100%
branch  1 taken 50% (fallthrough)
branch  2 taken 50%
        1: 1064:                gainCard(estate, state, 0, currentPlayer);//Gain an estate
call    0 returned 100%
        -: 1065:
        1: 1066:                state->supplyCount[estate]--;//Decrement Estates
        1: 1067:                if (supplyCount(estate, state) == 0) {
call    0 returned 100%
branch  1 taken 0% (fallthrough)
branch  2 taken 100%
    #####: 1068:                    isGameOver(state);
call    0 never executed
        -: 1069:                }
        -: 1070:            }
        -: 1071:        }
        -: 1072:
        -: 1073:
        4: 1074:        return 0;
        -: 1075:
        -: 1076:}
function minion_action called 2 returned 100% blocks executed 96%
        2: 1077:    int minion_action (struct gameState *state, int choice1, int choice2, int handPos, int currentPlayer) {
        -: 1078:        //+1 action
        2: 1079:            state->numActions++;
        -: 1080:            int i, j;
        -: 1081:            //discard card from hand
        2: 1082:            discardCard(handPos, currentPlayer, state, 0);
call    0 returned 100%
        -: 1083:
        2: 1084:            if (choice1)
branch  0 taken 50% (fallthrough)
branch  1 taken 50%
        -: 1085:            {
        1: 1086:                state->coins = state->coins + 2;
        -: 1087:            }
        1: 1088:        else if (choice2)		//discard hand, redraw 4, other players with 5+ cards discard hand and draw 4
branch  0 taken 100% (fallthrough)
branch  1 taken 0%
        -: 1089:        {
        -: 1090:            //discard hand
        2: 1091:            while(numHandCards(state) > 0)
call    0 returned 100%
branch  1 taken 0%
branch  2 taken 100% (fallthrough)
        -: 1092:            {
    #####: 1093:                drawCard(currentPlayer, state);
call    0 never executed
        -: 1094:            }
        -: 1095:
        -: 1096:            //draw 4
        5: 1097:            for (i = 0; i < 4; i++)
branch  0 taken 80%
branch  1 taken 20% (fallthrough)
        -: 1098:            {
        4: 1099:                discardCard(handPos, currentPlayer, state, 0);
call    0 returned 100%
        -: 1100:            }
        -: 1101:
        -: 1102:            //other players discard hand and redraw if hand size > 4
        3: 1103:            for (i = 0; i < state->numPlayers; i++)
branch  0 taken 67%
branch  1 taken 33% (fallthrough)
        -: 1104:            {
        2: 1105:                if (i == currentPlayer)
branch  0 taken 50% (fallthrough)
branch  1 taken 50%
        -: 1106:                {
        1: 1107:                    if ( state->handCount[i] > 4 )
branch  0 taken 100% (fallthrough)
branch  1 taken 0%
        -: 1108:                    {
        -: 1109:                        //discard hand
        7: 1110:                        while( state->handCount[i] > 0 )
branch  0 taken 83%
branch  1 taken 17% (fallthrough)
        -: 1111:                        {
        5: 1112:                            discardCard(handPos, i, state, 0);
call    0 returned 100%
        -: 1113:                        }
        -: 1114:
        -: 1115:                        //draw 4
        5: 1116:                        for (j = 0; j < 4; j++)
branch  0 taken 80%
branch  1 taken 20% (fallthrough)
        -: 1117:                        {
        4: 1118:                            drawCard(i, state);
call    0 returned 100%
        -: 1119:                        }
        -: 1120:                    }
        -: 1121:                }
        -: 1122:            }
        -: 1123:
        -: 1124:        }
        2: 1125:        return 0;
        -: 1126:}
        -: 1127:
function ambassador_action called 2 returned 100% blocks executed 87%
        2: 1128:int ambassador_action (struct gameState *state, int choice1, int choice2, int handPos, int currentPlayer) {
        -: 1129:    int j;
        2: 1130:    j = 0;		//used to check if player has enough cards to discard
        -: 1131:    int i;
        -: 1132:
        2: 1133:        if (choice2 > 2 || choice2 < 0)
branch  0 taken 50% (fallthrough)
branch  1 taken 50%
branch  2 taken 0% (fallthrough)
branch  3 taken 100%
        -: 1134:        {
        1: 1135:            return -1;
        -: 1136:        }
        -: 1137:
        1: 1138:        if (choice1 == handPos)
branch  0 taken 0% (fallthrough)
branch  1 taken 100%
        -: 1139:        {
    #####: 1140:            return -1;
        -: 1141:        }
        -: 1142:
        6: 1143:        for (i = 0; i < state->handCount[currentPlayer]; i++)
branch  0 taken 83%
branch  1 taken 17% (fallthrough)
        -: 1144:        {
        5: 1145:            if (i != handPos && i == state->hand[currentPlayer][choice1] && i != choice1)
branch  0 taken 80% (fallthrough)
branch  1 taken 20%
branch  2 taken 25% (fallthrough)
branch  3 taken 75%
branch  4 taken 100% (fallthrough)
branch  5 taken 0%
        -: 1146:            {
        1: 1147:                j++;
        -: 1148:            }
        -: 1149:        }
        1: 1150:        if (j < choice2)
branch  0 taken 0% (fallthrough)
branch  1 taken 100%
        -: 1151:        {
    #####: 1152:            return -1;
        -: 1153:        }
        -: 1154:
        -: 1155:        if (DEBUG)
        -: 1156:            printf("Player %d reveals card number: %d\n", currentPlayer, state->hand[currentPlayer][choice1]);
        -: 1157:
        -: 1158:        //increase supply count for choosen card by amount being discarded
        1: 1159:        state->supplyCount[state->hand[currentPlayer][choice1]] -= choice2;
        -: 1160:
        -: 1161:        //each other player gains a copy of revealed card
        3: 1162:        for (i = 0; i < state->numPlayers; i++)
branch  0 taken 67%
branch  1 taken 33% (fallthrough)
        -: 1163:        {
        2: 1164:            if (i != currentPlayer)
branch  0 taken 50% (fallthrough)
branch  1 taken 50%
        -: 1165:            {
        1: 1166:                    discardCard(i, currentPlayer, state, 1);
call    0 returned 100%
        -: 1167:            }
        -: 1168:        }
        -: 1169:
        -: 1170:        //discard played card from hand
        1: 1171:        discardCard(handPos, currentPlayer, state, 0);
call    0 returned 100%
        -: 1172:
        -: 1173:        //trash copies of cards returned to supply
        2: 1174:        for (j = 0; j < choice2; j++)
branch  0 taken 50%
branch  1 taken 50% (fallthrough)
        -: 1175:        {
        4: 1176:            for (i = 0; i < state->handCount[currentPlayer]; i++)
branch  0 taken 75%
branch  1 taken 25% (fallthrough)
        -: 1177:            {
        3: 1178:                if (state->hand[currentPlayer][i] == state->hand[currentPlayer][choice1])
branch  0 taken 0% (fallthrough)
branch  1 taken 100%
        -: 1179:                {
    #####: 1180:                gainCard(state->hand[currentPlayer][choice1], state, 0, i);
call    0 never executed
    #####: 1181:                    break;
        -: 1182:                }
        -: 1183:            }
        -: 1184:        }
        -: 1185:
        1: 1186:        return 0;
        -: 1187:
        -: 1188:}
        -: 1189:
function mine_action called 3 returned 100% blocks executed 85%
        3: 1190:int mine_action (struct gameState* state, int choice1, int choice2, int currentPlayer, int handPos){
        -: 1191:    int i;
        -: 1192:    int j;
        3: 1193:    i = 0;
        3: 1194:    j = 0;
        3: 1195:    j = state->hand[currentPlayer][choice1];  //store card we will trash
        -: 1196:
        3: 1197:        if (state->hand[currentPlayer][choice1] > gold || state->hand[currentPlayer][choice1] < copper)
branch  0 taken 100% (fallthrough)
branch  1 taken 0%
branch  2 taken 0% (fallthrough)
branch  3 taken 100%
        -: 1198:        {
    #####: 1199:            return -1;
        -: 1200:        }
        -: 1201:
        3: 1202:        if (choice2 > treasure_map || choice2 < curse)
branch  0 taken 100% (fallthrough)
branch  1 taken 0%
branch  2 taken 0% (fallthrough)
branch  3 taken 100%
        -: 1203:        {
    #####: 1204:            return -1;
        -: 1205:        }
        -: 1206:
        3: 1207:        if ( (getCost(state->hand[currentPlayer][choice1]) + 4) > getCost(choice2) )
call    0 returned 100%
call    1 returned 100%
branch  2 taken 33% (fallthrough)
branch  3 taken 67%
        -: 1208:        {
        1: 1209:            return -1;
        -: 1210:        }
        -: 1211:
        2: 1212:        gainCard(choice2, state, 2, currentPlayer);
call    0 returned 100%
        -: 1213:
        -: 1214:        //discard card from hand
        2: 1215:        discardCard(handPos, currentPlayer, state, 0);
call    0 returned 100%
        -: 1216:
        -: 1217:        //discard trashed card
        2: 1218:        for (i = 0; i < state->handCount[currentPlayer]; i++)
branch  0 taken 100%
branch  1 taken 0% (fallthrough)
        -: 1219:        {
        2: 1220:            if (state->hand[currentPlayer][i] == j)
branch  0 taken 100% (fallthrough)
branch  1 taken 0%
        -: 1221:            {
        2: 1222:                discardCard(i, currentPlayer, state, 0);
call    0 returned 100%
        2: 1223:                break;
        -: 1224:            }
        -: 1225:        }
        -: 1226:
        2: 1227:        return 0;
        -: 1228:}
        -: 1229:
function tribute_action called 4 returned 100% blocks executed 87%
        4: 1230:int tribute_action (struct gameState*  state, int nextPlayer, int *tributeRevealedCards, int currentPlayer) {
        -: 1231:    int i;
        4: 1232:    i = 0;
        -: 1233:    
        4: 1234:    if ((state->discardCount[nextPlayer] + state->deckCount[nextPlayer]) <= 1) {
branch  0 taken 75% (fallthrough)
branch  1 taken 25%
        3: 1235:            if (state->deckCount[nextPlayer] > 0) {
branch  0 taken 33% (fallthrough)
branch  1 taken 67%
        1: 1236:                tributeRevealedCards[0] = state->deck[nextPlayer][state->deckCount[nextPlayer]-1];
        1: 1237:                state->deckCount[nextPlayer]--;
        -: 1238:            }
        2: 1239:            else if (state->discardCount[currentPlayer] > 0) {
branch  0 taken 50% (fallthrough)
branch  1 taken 50%
        1: 1240:                tributeRevealedCards[0] = state->discard[nextPlayer][state->discardCount[nextPlayer]-1];
        1: 1241:                state->discardCount[nextPlayer]--;
        -: 1242:            }
        -: 1243:            else {
        -: 1244:                //No Card to Reveal
        -: 1245:                if (DEBUG) {
        -: 1246:                    printf("No cards to reveal\n");
        -: 1247:                }
        -: 1248:            }
        -: 1249:        }
        -: 1250:
        -: 1251:        else {
        1: 1252:            if (state->deckCount[nextPlayer] == 0) {
branch  0 taken 0% (fallthrough)
branch  1 taken 100%
    #####: 1253:                for (i = 0; i < state->discardCount[nextPlayer]; i++) {
branch  0 never executed
branch  1 never executed
    #####: 1254:                    state->deck[nextPlayer][i] = state->discard[nextPlayer][i];//Move to deck
    #####: 1255:                    state->deckCount[nextPlayer]++;
    #####: 1256:                    state->discard[nextPlayer][i] = -1;
    #####: 1257:                    state->discardCount[nextPlayer]--;
        -: 1258:                }
        -: 1259:
    #####: 1260:                shuffle(nextPlayer,state);//Shuffle the deck
call    0 never executed
        -: 1261:            }
        1: 1262:            tributeRevealedCards[-1] = state->deck[nextPlayer][state->deckCount[nextPlayer]-1];
        1: 1263:            state->deck[nextPlayer][state->deckCount[nextPlayer]--] = -1;
        1: 1264:            state->deckCount[nextPlayer]--;
        1: 1265:            tributeRevealedCards[1] = state->deck[nextPlayer][state->deckCount[nextPlayer]-1];
        1: 1266:            state->deck[nextPlayer][state->deckCount[nextPlayer]--] = -1;
        1: 1267:            state->deckCount[nextPlayer]--;
        -: 1268:        }
        -: 1269:
        4: 1270:        if (tributeRevealedCards[0] == tributeRevealedCards[1]) { //If we have a duplicate card, just drop one
branch  0 taken 50% (fallthrough)
branch  1 taken 50%
        2: 1271:            state->playedCards[state->playedCardCount] = tributeRevealedCards[1];
        2: 1272:            state->playedCardCount++;
        2: 1273:            tributeRevealedCards[1] = -1;
        -: 1274:        }
        -: 1275:
       16: 1276:        for (i = 0; i <= 2; i ++) {
branch  0 taken 75%
branch  1 taken 25% (fallthrough)
       12: 1277:            if (tributeRevealedCards[i] == copper || tributeRevealedCards[i] == silver || tributeRevealedCards[i] == gold) { //Treasure cards
branch  0 taken 92% (fallthrough)
branch  1 taken 8%
branch  2 taken 100% (fallthrough)
branch  3 taken 0%
branch  4 taken 0% (fallthrough)
branch  5 taken 100%
        1: 1278:                state->coins += 2;
        -: 1279:            }
        -: 1280:
       11: 1281:            else if (tributeRevealedCards[i] == estate || tributeRevealedCards[i] == duchy || tributeRevealedCards[i] == province || tributeRevealedCards[i] == gardens || tributeRevealedCards[i] == great_hall) { //Victory Card Found
branch  0 taken 91% (fallthrough)
branch  1 taken 9%
branch  2 taken 90% (fallthrough)
branch  3 taken 10%
branch  4 taken 100% (fallthrough)
branch  5 taken 0%
branch  6 taken 100% (fallthrough)
branch  7 taken 0%
branch  8 taken 0% (fallthrough)
branch  9 taken 100%
        2: 1282:                drawCard(currentPlayer, state);
call    0 returned 100%
        2: 1283:                drawCard(currentPlayer, state);
call    0 returned 100%
        -: 1284:            }
        -: 1285:            else { //Action Card
        9: 1286:                state->numActions = state->numActions + 2;
        -: 1287:            }
        -: 1288:        }
        -: 1289:
        4: 1290:        return 0;
        -: 1291:
        -: 1292:}
        -: 1293:
function discardCard called 17 returned 100% blocks executed 89%
       17: 1294:int discardCard(int handPos, int currentPlayer, struct gameState *state, int trashFlag)
        -: 1295:{
        -: 1296:
        -: 1297:    //if card is not trashed, added to Played pile
       17: 1298:    if (trashFlag < 1)
branch  0 taken 94% (fallthrough)
branch  1 taken 6%
        -: 1299:    {
        -: 1300:        //add card to played pile
       16: 1301:        state->playedCards[state->playedCardCount] = state->hand[currentPlayer][handPos];
       16: 1302:        state->playedCardCount++;
        -: 1303:    }
        -: 1304:
        -: 1305:    //set played card to -1
       17: 1306:    state->hand[currentPlayer][handPos] = -1;
        -: 1307:
        -: 1308:    //remove card from player's hand
       17: 1309:    if ( handPos == (state->handCount[currentPlayer] - 1) ) 	//last card in hand array is played
branch  0 taken 6% (fallthrough)
branch  1 taken 94%
        -: 1310:    {
        -: 1311:        //reduce number of cards in hand
        1: 1312:        state->handCount[currentPlayer]--;
        -: 1313:    }
       16: 1314:    else if ( state->handCount[currentPlayer] == 1 ) //only one card in hand
branch  0 taken 0% (fallthrough)
branch  1 taken 100%
        -: 1315:    {
        -: 1316:        //reduce number of cards in hand
    #####: 1317:        state->handCount[currentPlayer]--;
        -: 1318:    }
        -: 1319:    else
        -: 1320:    {
        -: 1321:        //replace discarded card with last card in hand
       16: 1322:        state->hand[currentPlayer][handPos] = state->hand[currentPlayer][ (state->handCount[currentPlayer] - 1)];
        -: 1323:        //set last card to -1
       16: 1324:        state->hand[currentPlayer][state->handCount[currentPlayer] - 1] = -1;
        -: 1325:        //reduce number of cards in hand
       16: 1326:        state->handCount[currentPlayer]--;
        -: 1327:    }
        -: 1328:
       17: 1329:    return 0;
        -: 1330:}
        -: 1331:
function gainCard called 3 returned 100% blocks executed 80%
        3: 1332:int gainCard(int supplyPos, struct gameState *state, int toFlag, int player)
        -: 1333:{
        -: 1334:    //Note: supplyPos is enum of choosen card
        -: 1335:
        -: 1336:    //check if supply pile is empty (0) or card is not used in game (-1)
        3: 1337:    if ( supplyCount(supplyPos, state) < 1 )
call    0 returned 100%
branch  1 taken 0% (fallthrough)
branch  2 taken 100%
        -: 1338:    {
    #####: 1339:        return -1;
        -: 1340:    }
        -: 1341:
        -: 1342:    //added card for [whoseTurn] current player:
        -: 1343:    // toFlag = 0 : add to discard
        -: 1344:    // toFlag = 1 : add to deck
        -: 1345:    // toFlag = 2 : add to hand
        -: 1346:
        3: 1347:    if (toFlag == 1)
branch  0 taken 0% (fallthrough)
branch  1 taken 100%
        -: 1348:    {
    #####: 1349:        state->deck[ player ][ state->deckCount[player] ] = supplyPos;
    #####: 1350:        state->deckCount[player]++;
        -: 1351:    }
        3: 1352:    else if (toFlag == 2)
branch  0 taken 67% (fallthrough)
branch  1 taken 33%
        -: 1353:    {
        2: 1354:        state->hand[ player ][ state->handCount[player] ] = supplyPos;
        2: 1355:        state->handCount[player]++;
        -: 1356:    }
        -: 1357:    else
        -: 1358:    {
        1: 1359:        state->discard[player][ state->discardCount[player] ] = supplyPos;
        1: 1360:        state->discardCount[player]++;
        -: 1361:    }
        -: 1362:
        -: 1363:    //decrease number in supply pile
        3: 1364:    state->supplyCount[supplyPos]--;
        -: 1365:
        3: 1366:    return 0;
        -: 1367:}
        -: 1368:
function updateCoins called 7 returned 100% blocks executed 82%
        7: 1369:int updateCoins(int player, struct gameState *state, int bonus)
        -: 1370:{
        -: 1371:    int i;
        -: 1372:
        -: 1373:    //reset coin count
        7: 1374:    state->coins = 0;
        -: 1375:
        -: 1376:    //add coins for each Treasure card in player's hand
       42: 1377:    for (i = 0; i < state->handCount[player]; i++)
branch  0 taken 83%
branch  1 taken 17% (fallthrough)
        -: 1378:    {
       35: 1379:        if (state->hand[player][i] == copper)
branch  0 taken 80% (fallthrough)
branch  1 taken 20%
        -: 1380:        {
       28: 1381:            state->coins += 1;
        -: 1382:        }
        7: 1383:        else if (state->hand[player][i] == silver)
branch  0 taken 0% (fallthrough)
branch  1 taken 100%
        -: 1384:        {
    #####: 1385:            state->coins += 2;
        -: 1386:        }
        7: 1387:        else if (state->hand[player][i] == gold)
branch  0 taken 0% (fallthrough)
branch  1 taken 100%
        -: 1388:        {
    #####: 1389:            state->coins += 3;
        -: 1390:        }
        -: 1391:    }
        -: 1392:
        -: 1393:    //add bonus
        7: 1394:    state->coins += bonus;
        -: 1395:
        7: 1396:    return 0;
        -: 1397:}
        -: 1398:
        -: 1399:
        -: 1400://end of dominion.c
        -: 1401:
